Using pre-set license
Built from '2020.3/staging' branch; Version is '2020.3.25f1 (9b9180224418) revision 10195328'; Using compiler version '192528614'; Build Type 'Release'
OS: 'Windows 10  (10.0.19044) 64bit Professional' Language: 'es' Physical Memory: 16326 MB
BatchMode: 1, IsHumanControllingUs: 0, StartBugReporterOnCrash: 0, Is64bit: 1, IsPro: 0

COMMAND LINE ARGUMENTS:
C:\Program Files\Unity\Hub\Editor\2020.3.25f1\Editor\Unity.exe
-adb2
-batchMode
-noUpm
-name
AssetImportWorker0
-projectPath
C:/Users/Usuario/Desktop/Tesis-3D/Tesis Built-In
-logFile
Logs/AssetImportWorker0.log
-srvPort
57785
Successfully changed project path to: C:/Users/Usuario/Desktop/Tesis-3D/Tesis Built-In
C:/Users/Usuario/Desktop/Tesis-3D/Tesis Built-In
Using Asset Import Pipeline V2.
Refreshing native plugins compatible for Editor in 69.74 ms, found 2 plugins.
Preloading 0 native plugins for Editor in 0.00 ms.
Initialize engine version: 2020.3.25f1 (9b9180224418)
[Subsystems] Discovering subsystems at path C:/Program Files/Unity/Hub/Editor/2020.3.25f1/Editor/Data/Resources/UnitySubsystems
[Subsystems] Discovering subsystems at path C:/Users/Usuario/Desktop/Tesis-3D/Tesis Built-In/Assets
GfxDevice: creating device client; threaded=0
Direct3D:
    Version:  Direct3D 11.0 [level 11.1]
    Renderer: NVIDIA GeForce GTX 1660 SUPER (ID=0x21c4)
    Vendor:   
    VRAM:     5991 MB
    Driver:   31.0.15.1694
Initialize mono
Mono path[0] = 'C:/Program Files/Unity/Hub/Editor/2020.3.25f1/Editor/Data/Managed'
Mono path[1] = 'C:/Program Files/Unity/Hub/Editor/2020.3.25f1/Editor/Data/MonoBleedingEdge/lib/mono/unityjit'
Mono config path = 'C:/Program Files/Unity/Hub/Editor/2020.3.25f1/Editor/Data/MonoBleedingEdge/etc'
Using monoOptions --debugger-agent=transport=dt_socket,embedding=1,server=y,suspend=n,address=127.0.0.1:56204
Begin MonoManager ReloadAssembly
Registering precompiled unity dll's ...
Register platform support module: C:/Program Files/Unity/Hub/Editor/2020.3.25f1/Editor/Data/PlaybackEngines/WindowsStandaloneSupport/UnityEditor.WindowsStandalone.Extensions.dll
Registered in 0.001394 seconds.
Native extension for WindowsStandalone target not found
Refreshing native plugins compatible for Editor in 75.39 ms, found 2 plugins.
Preloading 0 native plugins for Editor in 0.00 ms.
Mono: successfully reloaded assembly
- Completed reload, in  0.506 seconds
Domain Reload Profiling:
	ReloadAssembly (507ms)
		BeginReloadAssembly (41ms)
			ExecutionOrderSort (0ms)
			DisableScriptedObjects (0ms)
			BackupInstance (0ms)
			ReleaseScriptingObjects (0ms)
			CreateAndSetChildDomain (1ms)
		EndReloadAssembly (408ms)
			LoadAssemblies (39ms)
			RebuildTransferFunctionScriptingTraits (0ms)
			SetupTypeCache (121ms)
			ReleaseScriptCaches (0ms)
			RebuildScriptCaches (24ms)
			SetupLoadedEditorAssemblies (182ms)
				LogAssemblyErrors (0ms)
				InitializePlatformSupportModulesInManaged (4ms)
				SetLoadedEditorAssemblies (0ms)
				RefreshPlugins (75ms)
				BeforeProcessingInitializeOnLoad (14ms)
				ProcessInitializeOnLoadAttributes (66ms)
				ProcessInitializeOnLoadMethodAttributes (23ms)
				AfterProcessingInitializeOnLoad (0ms)
				EditorAssembliesLoaded (0ms)
			ExecutionOrderSort2 (0ms)
			AwakeInstancesAfterBackupRestoration (0ms)
Platform modules already initialized, skipping
Registering precompiled user dll's ...
Registered in 0.003785 seconds.
Begin MonoManager ReloadAssembly
Native extension for WindowsStandalone target not found
Refreshing native plugins compatible for Editor in 117.87 ms, found 2 plugins.
Preloading 0 native plugins for Editor in 0.00 ms.
Mono: successfully reloaded assembly
- Completed reload, in  1.967 seconds
Domain Reload Profiling:
	ReloadAssembly (1968ms)
		BeginReloadAssembly (113ms)
			ExecutionOrderSort (0ms)
			DisableScriptedObjects (4ms)
			BackupInstance (0ms)
			ReleaseScriptingObjects (0ms)
			CreateAndSetChildDomain (15ms)
		EndReloadAssembly (1806ms)
			LoadAssemblies (73ms)
			RebuildTransferFunctionScriptingTraits (0ms)
			SetupTypeCache (259ms)
			ReleaseScriptCaches (0ms)
			RebuildScriptCaches (70ms)
			SetupLoadedEditorAssemblies (1298ms)
				LogAssemblyErrors (0ms)
				InitializePlatformSupportModulesInManaged (3ms)
				SetLoadedEditorAssemblies (0ms)
				RefreshPlugins (118ms)
				BeforeProcessingInitializeOnLoad (77ms)
				ProcessInitializeOnLoadAttributes (1088ms)
				ProcessInitializeOnLoadMethodAttributes (7ms)
				AfterProcessingInitializeOnLoad (5ms)
				EditorAssembliesLoaded (0ms)
			ExecutionOrderSort2 (0ms)
			AwakeInstancesAfterBackupRestoration (5ms)
Platform modules already initialized, skipping
========================================================================
Worker process is ready to serve import requests
Launched and connected shader compiler UnityShaderCompiler.exe after 0.03 seconds
Refreshing native plugins compatible for Editor in 0.81 ms, found 2 plugins.
Preloading 0 native plugins for Editor in 0.00 ms.
Unloading 3118 Unused Serialized files (Serialized files now loaded: 0)
System memory in use before: 308.2 MB.
System memory in use after: 307.7 MB.

Unloading 35 unused Assets to reduce memory usage. Loaded Objects now: 3585.
Total: 3.382000 ms (FindLiveObjects: 0.250300 ms CreateObjectMapping: 0.157900 ms MarkObjects: 2.649500 ms  DeleteObjects: 0.323500 ms)

AssetImportParameters requested are different than current active one (requested -> active):
  custom:framework-win-MediaFoundation: 216162199b28c13a410421893ffa2e32 -> 
  custom:video-decoder-ogg-theora: a1e56fd34408186e4bbccfd4996cb3dc -> 
  custom:container-muxer-webm: aa71ff27fc2769a1b78a27578f13a17b -> 
  custom:container-demuxer-webm: 4f35f7cbe854078d1ac9338744f61a02 -> 
  custom:container-demuxer-ogg: 62fdf1f143b41e24485cea50d1cbac27 -> 
  custom:video-encoder-webm-vp8: eb34c28f22e8b96e1ab97ce403110664 -> 
  custom:video-decoder-webm-vp8: 9c59270c3fd7afecdb556c50c9e8de78 -> 
  custom:audio-decoder-ogg-vorbis: bf7c407c2cedff20999df2af8eb42d56 -> 
  custom:audio-encoder-webm-vorbis: bf7c407c2cedff20999df2af8eb42d56 -> 
========================================================================
Received Import Request.
  path: Assets/Building/Mine/Curvo cruzado.fbx
  artifactKey: Guid(2485349b8ec5bc24790a2e657221ea71) Importer(815301076,1909f56bfc062723c751e8b465ee728b)
Start importing Assets/Building/Mine/Curvo cruzado.fbx using Guid(2485349b8ec5bc24790a2e657221ea71) Importer(815301076,1909f56bfc062723c751e8b465ee728b)  -> (artifact id: '95edb241ca7143864ba796bc1e396485') in 0.149439 seconds 
  Import took 0.154010 seconds .

========================================================================
Received Import Request.
  Time since last request: 0.000469 seconds.
  path: Assets/Building/Cartel pista.png
  artifactKey: Guid(94658ccd6540b694aa01ce764cf19a24) Importer(815301076,1909f56bfc062723c751e8b465ee728b)
Start importing Assets/Building/Cartel pista.png using Guid(94658ccd6540b694aa01ce764cf19a24) Importer(815301076,1909f56bfc062723c751e8b465ee728b)  -> (artifact id: '9669a5eaac84457cd9596960acecf70d') in 0.038874 seconds 
  Import took 0.043085 seconds .

========================================================================
Received Import Request.
  Time since last request: 0.000196 seconds.
  path: Assets/Building/Mine/Recto.fbx
  artifactKey: Guid(6c00a554182fb7047a1a812933182b15) Importer(815301076,1909f56bfc062723c751e8b465ee728b)
Start importing Assets/Building/Mine/Recto.fbx using Guid(6c00a554182fb7047a1a812933182b15) Importer(815301076,1909f56bfc062723c751e8b465ee728b)  -> (artifact id: '14e7836035b9fcc709ce3d8da3f100c5') in 0.016307 seconds 
  Import took 0.020126 seconds .

========================================================================
Received Import Request.
  Time since last request: 0.000182 seconds.
  path: Assets/Building/flor.mat
  artifactKey: Guid(0cbac96f5e3f5c949b5d11e3919f413e) Importer(815301076,1909f56bfc062723c751e8b465ee728b)
Start importing Assets/Building/flor.mat using Guid(0cbac96f5e3f5c949b5d11e3919f413e) Importer(815301076,1909f56bfc062723c751e8b465ee728b)  -> (artifact id: '46a8cc35f7be085d8ea4c627098e64ae') in 0.013921 seconds 
  Import took 0.018027 seconds .

========================================================================
Received Import Request.
  Time since last request: 0.000188 seconds.
  path: Assets/Building/Mine/Carrito.fbx
  artifactKey: Guid(bb13999563a26ee489cf2492525609f5) Importer(815301076,1909f56bfc062723c751e8b465ee728b)
Start importing Assets/Building/Mine/Carrito.fbx using Guid(bb13999563a26ee489cf2492525609f5) Importer(815301076,1909f56bfc062723c751e8b465ee728b)  -> (artifact id: 'b140e353a847634a1dcdc43e70b7df11') in 0.020110 seconds 
  Import took 0.025164 seconds .

========================================================================
Received Import Request.
  Time since last request: 0.000203 seconds.
  path: Assets/Building/Mine/Estructura Lisa.fbx
  artifactKey: Guid(2996ecc17b8e2214b918cfec4aee20b9) Importer(815301076,1909f56bfc062723c751e8b465ee728b)
Start importing Assets/Building/Mine/Estructura Lisa.fbx using Guid(2996ecc17b8e2214b918cfec4aee20b9) Importer(815301076,1909f56bfc062723c751e8b465ee728b)  -> (artifact id: '06d8f6c114e249e919436d33236cc347') in 0.027179 seconds 
  Import took 0.035113 seconds .

========================================================================
Received Import Request.
  Time since last request: 0.000167 seconds.
  path: Assets/Building/Mine/Mini rail.fbx
  artifactKey: Guid(4824056018397b349b6ab559d71dfc6e) Importer(815301076,1909f56bfc062723c751e8b465ee728b)
Start importing Assets/Building/Mine/Mini rail.fbx using Guid(4824056018397b349b6ab559d71dfc6e) Importer(815301076,1909f56bfc062723c751e8b465ee728b)  -> (artifact id: '6e5e524ab0831939366e0d68e0953db4') in 0.025562 seconds 
  Import took 0.032964 seconds .

========================================================================
Received Import Request.
  Time since last request: 0.000190 seconds.
  path: Assets/Building/Mine/Curvo derecho.fbx
  artifactKey: Guid(ca3a9e44a3b99ae408280e1b9a8e0272) Importer(815301076,1909f56bfc062723c751e8b465ee728b)
Start importing Assets/Building/Mine/Curvo derecho.fbx using Guid(ca3a9e44a3b99ae408280e1b9a8e0272) Importer(815301076,1909f56bfc062723c751e8b465ee728b)  -> (artifact id: '4083a4462f6df5e9d36409d133b98a16') in 0.019740 seconds 
  Import took 0.024670 seconds .

========================================================================
Received Import Request.
  Time since last request: 0.000115 seconds.
  path: Assets/Building/Mine/Estructura.fbx
  artifactKey: Guid(3be3e84095b97774b865b58ee830bac3) Importer(815301076,1909f56bfc062723c751e8b465ee728b)
Start importing Assets/Building/Mine/Estructura.fbx using Guid(3be3e84095b97774b865b58ee830bac3) Importer(815301076,1909f56bfc062723c751e8b465ee728b)  -> (artifact id: '106540dc513f6d8ec877873fc2def406') in 0.038305 seconds 
  Import took 0.043897 seconds .

========================================================================
Received Import Request.
  Time since last request: 0.000149 seconds.
  path: Assets/Building/Mine/Escalera.fbx
  artifactKey: Guid(bd19d3813997640459288cea07e4399b) Importer(815301076,1909f56bfc062723c751e8b465ee728b)
Start importing Assets/Building/Mine/Escalera.fbx using Guid(bd19d3813997640459288cea07e4399b) Importer(815301076,1909f56bfc062723c751e8b465ee728b)  -> (artifact id: '19b37715f7b96812c9d8680d8737e64b') in 0.036988 seconds 
  Import took 0.041068 seconds .

========================================================================
Received Import Request.
  Time since last request: 0.000133 seconds.
  path: Assets/Building/Mine/Curvo izquierdo.fbx
  artifactKey: Guid(ff3a704b82df4a243be205639d8cd9a3) Importer(815301076,1909f56bfc062723c751e8b465ee728b)
Start importing Assets/Building/Mine/Curvo izquierdo.fbx using Guid(ff3a704b82df4a243be205639d8cd9a3) Importer(815301076,1909f56bfc062723c751e8b465ee728b)  -> (artifact id: 'b53fd8a97920005c38adcd65c6c89699') in 0.015773 seconds 
  Import took 0.020073 seconds .

========================================================================
Received Import Request.
  Time since last request: 0.000183 seconds.
  path: Assets/Building/Mine
  artifactKey: Guid(0450d298063396047baac15910e9d683) Importer(815301076,1909f56bfc062723c751e8b465ee728b)
Start importing Assets/Building/Mine using Guid(0450d298063396047baac15910e9d683) Importer(815301076,1909f56bfc062723c751e8b465ee728b)  -> (artifact id: '5d1bfb6f5cd4ef2ade373b8474feff69') in 0.004176 seconds 
  Import took 0.008276 seconds .

========================================================================
Received Import Request.
  Time since last request: 28.287196 seconds.
  path: Assets/Building/Mine/Carrito 1.fbx
  artifactKey: Guid(087a33ed012799643917b238e02ac2ca) Importer(815301076,1909f56bfc062723c751e8b465ee728b)
Start importing Assets/Building/Mine/Carrito 1.fbx using Guid(087a33ed012799643917b238e02ac2ca) Importer(815301076,1909f56bfc062723c751e8b465ee728b)  -> (artifact id: 'fef39b4ae96e6287ba3fe2b8daee48eb') in 0.063693 seconds 
  Import took 0.068342 seconds .

========================================================================
Received Import Request.
  Time since last request: 21.311501 seconds.
  path: Assets/Building/Mine/EstructuraDoble.fbx
  artifactKey: Guid(3266290d98bdf8549a97750776b237b2) Importer(815301076,1909f56bfc062723c751e8b465ee728b)
Start importing Assets/Building/Mine/EstructuraDoble.fbx using Guid(3266290d98bdf8549a97750776b237b2) Importer(815301076,1909f56bfc062723c751e8b465ee728b)  -> (artifact id: '6664ade079c846d5c61ca6c033444c89') in 0.056516 seconds 
  Import took 0.060737 seconds .

========================================================================
Received Import Request.
  Time since last request: 13.011362 seconds.
  path: Assets/Building/Mine/Carrito 1.fbx
  artifactKey: Guid(087a33ed012799643917b238e02ac2ca) Importer(815301076,1909f56bfc062723c751e8b465ee728b)
Start importing Assets/Building/Mine/Carrito 1.fbx using Guid(087a33ed012799643917b238e02ac2ca) Importer(815301076,1909f56bfc062723c751e8b465ee728b)  -> (artifact id: 'd9607763a9fb2491a8834aa3a4b51c4c') in 0.059846 seconds 
  Import took 0.064313 seconds .

========================================================================
Received Import Request.
  Time since last request: 6.474801 seconds.
  path: Assets/Building/Mine/EstructuraDoble.fbx
  artifactKey: Guid(3266290d98bdf8549a97750776b237b2) Importer(815301076,1909f56bfc062723c751e8b465ee728b)
Start importing Assets/Building/Mine/EstructuraDoble.fbx using Guid(3266290d98bdf8549a97750776b237b2) Importer(815301076,1909f56bfc062723c751e8b465ee728b)  -> (artifact id: '6f16175bb50f1509135257bbd13913c2') in 0.049339 seconds 
  Import took 0.054075 seconds .

========================================================================
Received Import Request.
  Time since last request: 149.919674 seconds.
  path: Assets/Models/Nature/Bush/Bush_Hero.st
  artifactKey: Guid(5f899a1e48c19fc4686dcc396fdc6036) Importer(815301076,1909f56bfc062723c751e8b465ee728b)
Start importing Assets/Models/Nature/Bush/Bush_Hero.st using Guid(5f899a1e48c19fc4686dcc396fdc6036) Importer(815301076,1909f56bfc062723c751e8b465ee728b)  -> (artifact id: 'b7dc7db3ba87bdf1dd998888b7fe02fa') in 0.142945 seconds 
  Import took 0.149751 seconds .

========================================================================
Received Import Request.
  Time since last request: 0.000170 seconds.
  path: Assets/photorealisticDebris/Materials/cinderDebris6.mat
  artifactKey: Guid(7f3c8bd1ede6c3c45a5727e2097c9472) Importer(815301076,1909f56bfc062723c751e8b465ee728b)
Start importing Assets/photorealisticDebris/Materials/cinderDebris6.mat using Guid(7f3c8bd1ede6c3c45a5727e2097c9472) Importer(815301076,1909f56bfc062723c751e8b465ee728b)  -> (artifact id: 'c153441be910b1d742426b56f10cd55e') in 0.074403 seconds 
  Import took 0.079225 seconds .

========================================================================
Received Import Request.
  Time since last request: 0.000164 seconds.
  path: Assets/Fantasy Adventure Environment/Materials/Rocks/Cliff_B_Mat.mat
  artifactKey: Guid(3fb461ac7c57a6a45a721f002c1fe26d) Importer(815301076,1909f56bfc062723c751e8b465ee728b)
Start importing Assets/Fantasy Adventure Environment/Materials/Rocks/Cliff_B_Mat.mat using Guid(3fb461ac7c57a6a45a721f002c1fe26d) Importer(815301076,1909f56bfc062723c751e8b465ee728b)  -> (artifact id: '9ac04b80a6ee4a1f663bbe48d4c548d6') in 0.110048 seconds 
  Import took 0.114659 seconds .

========================================================================
Received Import Request.
  Time since last request: 0.000244 seconds.
  path: Assets/photorealisticDebris/Materials/cinderDebris6_LOD02.mat
  artifactKey: Guid(4b9bfada823db5447bed46d7adc0b558) Importer(815301076,1909f56bfc062723c751e8b465ee728b)
Start importing Assets/photorealisticDebris/Materials/cinderDebris6_LOD02.mat using Guid(4b9bfada823db5447bed46d7adc0b558) Importer(815301076,1909f56bfc062723c751e8b465ee728b)  -> (artifact id: '609ba9511a4a16d24e7322f91be2aee6') in 0.023215 seconds 
  Import took 0.028764 seconds .

========================================================================
Received Import Request.
  Time since last request: 0.000165 seconds.
  path: Assets/Building/Mine/Crystal_Mine/Models/Materials/CartMetalMat.mat
  artifactKey: Guid(c89f1d647a378a74ca41ec5b733561ae) Importer(815301076,1909f56bfc062723c751e8b465ee728b)
Start importing Assets/Building/Mine/Crystal_Mine/Models/Materials/CartMetalMat.mat using Guid(c89f1d647a378a74ca41ec5b733561ae) Importer(815301076,1909f56bfc062723c751e8b465ee728b)  -> (artifact id: '5712144255cde3256851b7a54791fd05') in 0.008878 seconds 
  Import took 0.014543 seconds .

========================================================================
Received Import Request.
  Time since last request: 0.000172 seconds.
  path: Assets/Materials/Cannot Hook.mat
  artifactKey: Guid(e173c594174114642a4c53a728368939) Importer(815301076,1909f56bfc062723c751e8b465ee728b)
Start importing Assets/Materials/Cannot Hook.mat using Guid(e173c594174114642a4c53a728368939) Importer(815301076,1909f56bfc062723c751e8b465ee728b)  -> (artifact id: '0ded25c9955c0b115167847c953fbe69') in 0.013514 seconds 
  Import took 0.018686 seconds .

========================================================================
Received Import Request.
  Time since last request: 0.000182 seconds.
  path: Assets/Models/Bush/Bush_Hero_LOD1.mat
  artifactKey: Guid(c4f111233e512364192f12fcce6fbcb9) Importer(815301076,1909f56bfc062723c751e8b465ee728b)
Start importing Assets/Models/Bush/Bush_Hero_LOD1.mat using Guid(c4f111233e512364192f12fcce6fbcb9) Importer(815301076,1909f56bfc062723c751e8b465ee728b)  -> (artifact id: '7f2a1c2d63d6fedfa69a2feb65707ce3') in 0.010475 seconds 
  Import took 0.015334 seconds .

========================================================================
Received Import Request.
  Time since last request: 0.000150 seconds.
  path: Assets/Main Character/FBXs Anims/Main Character with Hat@Running.fbx
  artifactKey: Guid(83d98f7c1c19f23489d36e916848d733) Importer(815301076,1909f56bfc062723c751e8b465ee728b)
Start importing Assets/Main Character/FBXs Anims/Main Character with Hat@Running.fbx using Guid(83d98f7c1c19f23489d36e916848d733) Importer(815301076,1909f56bfc062723c751e8b465ee728b)  -> (artifact id: '147c5d14e55c23f1dfab72076127cca5') in 0.284486 seconds 
  Import took 0.289892 seconds .

========================================================================
Received Import Request.
  Time since last request: 0.000174 seconds.
  path: Assets/Models/Doors/Materials/Component_door_wooden_Zamok_AlbedoTranspar.mat
  artifactKey: Guid(9fabaa16f0fc48b4984cc4537411677a) Importer(815301076,1909f56bfc062723c751e8b465ee728b)
Start importing Assets/Models/Doors/Materials/Component_door_wooden_Zamok_AlbedoTranspar.mat using Guid(9fabaa16f0fc48b4984cc4537411677a) Importer(815301076,1909f56bfc062723c751e8b465ee728b)  -> (artifact id: '2919fa7b11c806dd4806487e85097149') in 0.011186 seconds 
  Import took 0.016002 seconds .

========================================================================
Received Import Request.
  Time since last request: 0.000211 seconds.
  path: Assets/Models/Puzzle/Circles.mat
  artifactKey: Guid(da07c04bf2b9d6a41bc2f027ad31c7ca) Importer(815301076,1909f56bfc062723c751e8b465ee728b)
Start importing Assets/Models/Puzzle/Circles.mat using Guid(da07c04bf2b9d6a41bc2f027ad31c7ca) Importer(815301076,1909f56bfc062723c751e8b465ee728b)  -> (artifact id: '34bc21d92e9036e112b7e2c68238788b') in 0.016433 seconds 
  Import took 0.021042 seconds .

========================================================================
Received Import Request.
  Time since last request: 0.000203 seconds.
  path: Assets/Fantasy Adventure Environment/Materials/Rocks/Cliff_E_Mat.mat
  artifactKey: Guid(d370d2b28db6b1242acde8161dfb3d35) Importer(815301076,1909f56bfc062723c751e8b465ee728b)
Start importing Assets/Fantasy Adventure Environment/Materials/Rocks/Cliff_E_Mat.mat using Guid(d370d2b28db6b1242acde8161dfb3d35) Importer(815301076,1909f56bfc062723c751e8b465ee728b)  -> (artifact id: '9c32c74efd28fefeb80a8cd60d0ecc6c') in 0.039205 seconds 
  Import took 0.045160 seconds .

========================================================================
Received Import Request.
  Time since last request: 0.000156 seconds.
  path: Assets/Building/Cartel/Cartel.mat
  artifactKey: Guid(21c0fe7a7a343404a9df03e247b6fb45) Importer(815301076,1909f56bfc062723c751e8b465ee728b)
Start importing Assets/Building/Cartel/Cartel.mat using Guid(21c0fe7a7a343404a9df03e247b6fb45) Importer(815301076,1909f56bfc062723c751e8b465ee728b)  -> (artifact id: '7fc8ae33692a1f87785856a55d9114f3') in 0.015263 seconds 
  Import took 0.019531 seconds .

========================================================================
Received Import Request.
  Time since last request: 0.000155 seconds.
  path: Assets/Models/AgujeroCasaEngranajes.fbx
  artifactKey: Guid(b7e4b6a4bbc75c84ea699c3a0e091a17) Importer(815301076,1909f56bfc062723c751e8b465ee728b)
Start importing Assets/Models/AgujeroCasaEngranajes.fbx using Guid(b7e4b6a4bbc75c84ea699c3a0e091a17) Importer(815301076,1909f56bfc062723c751e8b465ee728b)  -> (artifact id: '0fec27619ea756d0532b70d3bc3006d9') in 0.019144 seconds 
  Import took 0.023938 seconds .

========================================================================
Received Import Request.
  Time since last request: 0.000135 seconds.
  path: Assets/Main Character/FBXs Anims/Main Character with Hat@Idle Wide Arms.fbx
  artifactKey: Guid(6802ddc28e77d8543a4f218d54bbc540) Importer(815301076,1909f56bfc062723c751e8b465ee728b)
Start importing Assets/Main Character/FBXs Anims/Main Character with Hat@Idle Wide Arms.fbx using Guid(6802ddc28e77d8543a4f218d54bbc540) Importer(815301076,1909f56bfc062723c751e8b465ee728b)  -> (artifact id: 'dd08838f4cfebf0ca761ee505b90c6c1') in 0.268926 seconds 
  Import took 0.274846 seconds .

========================================================================
Received Import Request.
  Time since last request: 0.000185 seconds.
  path: Assets/Main Character/Materials/ButtonHole.mat
  artifactKey: Guid(c3ef8997e1fc74d42b1e35d1f9187b80) Importer(815301076,1909f56bfc062723c751e8b465ee728b)
Start importing Assets/Main Character/Materials/ButtonHole.mat using Guid(c3ef8997e1fc74d42b1e35d1f9187b80) Importer(815301076,1909f56bfc062723c751e8b465ee728b)  -> (artifact id: '866efea369e81a1c8c576fc6b408b3cd') in 0.016902 seconds 
  Import took 0.022929 seconds .

========================================================================
Received Import Request.
  Time since last request: 0.000204 seconds.
  path: Assets/Main Character/FBXs Anims/Main Character with Hat@Idle Close Arms.fbx
  artifactKey: Guid(af5d6b8b866aabf498550ac79a7ad319) Importer(815301076,1909f56bfc062723c751e8b465ee728b)
Start importing Assets/Main Character/FBXs Anims/Main Character with Hat@Idle Close Arms.fbx using Guid(af5d6b8b866aabf498550ac79a7ad319) Importer(815301076,1909f56bfc062723c751e8b465ee728b)  -> (artifact id: 'd3119c868901ed913632226548dbc89b') in 0.274911 seconds 
  Import took 0.280197 seconds .

========================================================================
Received Import Request.
  Time since last request: 0.000263 seconds.
  path: Assets/Building/Mine/Crystal_Mine/Materials/ceilinglp_default_AlbedoTransparency.mat
  artifactKey: Guid(5b2d3a3569690784689222aff5176a0b) Importer(815301076,1909f56bfc062723c751e8b465ee728b)
Start importing Assets/Building/Mine/Crystal_Mine/Materials/ceilinglp_default_AlbedoTransparency.mat using Guid(5b2d3a3569690784689222aff5176a0b) Importer(815301076,1909f56bfc062723c751e8b465ee728b)  -> (artifact id: '729beabbb52395fd862c7b8dbc12f6dd') in 0.010032 seconds 
  Import took 0.014738 seconds .

========================================================================
Received Import Request.
  Time since last request: 0.000168 seconds.
  path: Assets/Main Character/FBXs Anims/Main Character with Hat@Gunplay.fbx
  artifactKey: Guid(e36cca978d60f504b854a4bf11e4f83f) Importer(815301076,1909f56bfc062723c751e8b465ee728b)
Start importing Assets/Main Character/FBXs Anims/Main Character with Hat@Gunplay.fbx using Guid(e36cca978d60f504b854a4bf11e4f83f) Importer(815301076,1909f56bfc062723c751e8b465ee728b)  -> (artifact id: 'cb0c10a16033f63c97e8b9a76b6bc48c') in 0.254573 seconds 
  Import took 0.261152 seconds .

========================================================================
Received Import Request.
  Time since last request: 0.000178 seconds.
  path: Assets/Main Character/Materials/Buttons.mat
  artifactKey: Guid(8b283476ac3b9124780b1872ade7b7e7) Importer(815301076,1909f56bfc062723c751e8b465ee728b)
Start importing Assets/Main Character/Materials/Buttons.mat using Guid(8b283476ac3b9124780b1872ade7b7e7) Importer(815301076,1909f56bfc062723c751e8b465ee728b)  -> (artifact id: '1fb6174daf9ae409873c1343f17f9080') in 0.012574 seconds 
  Import took 0.017173 seconds .

========================================================================
Received Import Request.
  Time since last request: 0.000231 seconds.
  path: Assets/Fantasy Adventure Environment/Materials/Rocks/Cliff_D_Mat.mat
  artifactKey: Guid(8860e9ce8f7069c47a0cd17fe89a34aa) Importer(815301076,1909f56bfc062723c751e8b465ee728b)
Start importing Assets/Fantasy Adventure Environment/Materials/Rocks/Cliff_D_Mat.mat using Guid(8860e9ce8f7069c47a0cd17fe89a34aa) Importer(815301076,1909f56bfc062723c751e8b465ee728b)  -> (artifact id: '01ebb9d816eae8bd48b908c47c65cdda') in 0.065944 seconds 
  Import took 0.070544 seconds .

========================================================================
Received Import Request.
  Time since last request: 0.000119 seconds.
  path: Assets/Rubble Pieces Detailed Package 1.1/Materials/Chain Link.mat
  artifactKey: Guid(2d7d136d0a989dd4b9fa64e5d57e9ac6) Importer(815301076,1909f56bfc062723c751e8b465ee728b)
Start importing Assets/Rubble Pieces Detailed Package 1.1/Materials/Chain Link.mat using Guid(2d7d136d0a989dd4b9fa64e5d57e9ac6) Importer(815301076,1909f56bfc062723c751e8b465ee728b)  -> (artifact id: 'bb213309ededd9797b3b59538904a866') in 0.037076 seconds 
  Import took 0.042483 seconds .

========================================================================
Received Import Request.
  Time since last request: 0.000125 seconds.
  path: Assets/Building/Casita3/Chimenea.mat
  artifactKey: Guid(730a879d4d78d154aa21bb11686edfec) Importer(815301076,1909f56bfc062723c751e8b465ee728b)
Start importing Assets/Building/Casita3/Chimenea.mat using Guid(730a879d4d78d154aa21bb11686edfec) Importer(815301076,1909f56bfc062723c751e8b465ee728b)  -> (artifact id: 'a0b72746cc40c9a3e308c976b567b451') in 0.024073 seconds 
  Import took 0.028394 seconds .

========================================================================
Received Import Request.
  Time since last request: 0.000180 seconds.
  path: Assets/Building/Mine/Crystal_Mine/Models/Materials/ceilingloMat.mat
  artifactKey: Guid(69efc9203baa539439e388126fe87534) Importer(815301076,1909f56bfc062723c751e8b465ee728b)
Start importing Assets/Building/Mine/Crystal_Mine/Models/Materials/ceilingloMat.mat using Guid(69efc9203baa539439e388126fe87534) Importer(815301076,1909f56bfc062723c751e8b465ee728b)  -> (artifact id: 'e7d6c84f9f7bafccf6054c2b2d5fa678') in 0.009135 seconds 
  Import took 0.015380 seconds .

========================================================================
Received Import Request.
  Time since last request: 0.000172 seconds.
  path: Assets/photorealisticDebris/Materials/cinderDebris6_LOD01.mat
  artifactKey: Guid(b63068917b323254db3bb55bebc23cb9) Importer(815301076,1909f56bfc062723c751e8b465ee728b)
Start importing Assets/photorealisticDebris/Materials/cinderDebris6_LOD01.mat using Guid(b63068917b323254db3bb55bebc23cb9) Importer(815301076,1909f56bfc062723c751e8b465ee728b)  -> (artifact id: '15412c39f9e41534bbbb77534f382d9a') in 0.014995 seconds 
  Import took 0.020382 seconds .

========================================================================
Received Import Request.
  Time since last request: 0.000117 seconds.
  path: Assets/Main Character/Materials/ButtonHole 1.mat
  artifactKey: Guid(c28b04abc37fc5f4cb34701829f02a17) Importer(815301076,1909f56bfc062723c751e8b465ee728b)
Start importing Assets/Main Character/Materials/ButtonHole 1.mat using Guid(c28b04abc37fc5f4cb34701829f02a17) Importer(815301076,1909f56bfc062723c751e8b465ee728b)  -> (artifact id: 'a342f14e88815edcb09e516dd2bf7172') in 0.011932 seconds 
  Import took 0.017412 seconds .

========================================================================
Received Import Request.
  Time since last request: 0.000143 seconds.
  path: Assets/Fantasy Adventure Environment/Materials/Rocks/Cliff_A_Mat.mat
  artifactKey: Guid(883bbd715dd7e2e428aa32e0c388722a) Importer(815301076,1909f56bfc062723c751e8b465ee728b)
Start importing Assets/Fantasy Adventure Environment/Materials/Rocks/Cliff_A_Mat.mat using Guid(883bbd715dd7e2e428aa32e0c388722a) Importer(815301076,1909f56bfc062723c751e8b465ee728b)  -> (artifact id: '8d1ac7f2e1be4b29b424b75e072949a0') in 0.045780 seconds 
  Import took 0.050310 seconds .

========================================================================
Received Import Request.
  Time since last request: 0.000168 seconds.
  path: Assets/Models/Bush/Bush_Hero_LOD2.mat
  artifactKey: Guid(b32f7fb80ab52f146a00bf5007c36001) Importer(815301076,1909f56bfc062723c751e8b465ee728b)
Start importing Assets/Models/Bush/Bush_Hero_LOD2.mat using Guid(b32f7fb80ab52f146a00bf5007c36001) Importer(815301076,1909f56bfc062723c751e8b465ee728b)  -> (artifact id: '7d7ca30d6f8419936355ba516ad940a1') in 0.010828 seconds 
  Import took 0.015625 seconds .

========================================================================
Received Import Request.
  Time since last request: 0.000171 seconds.
  path: Assets/Models/Bush/Bush_Hero_LOD0.mat
  artifactKey: Guid(891724d70e414b048ac57de3ece8454b) Importer(815301076,1909f56bfc062723c751e8b465ee728b)
Start importing Assets/Models/Bush/Bush_Hero_LOD0.mat using Guid(891724d70e414b048ac57de3ece8454b) Importer(815301076,1909f56bfc062723c751e8b465ee728b)  -> (artifact id: '223b6187d801e1337931a26630dbb242') in 0.009161 seconds 
  Import took 0.013519 seconds .

========================================================================
Received Import Request.
  Time since last request: 0.000205 seconds.
  path: Assets/Building/Casita2/Casita2.mat
  artifactKey: Guid(c70a922624b755947b9346928a4fa97f) Importer(815301076,1909f56bfc062723c751e8b465ee728b)
Start importing Assets/Building/Casita2/Casita2.mat using Guid(c70a922624b755947b9346928a4fa97f) Importer(815301076,1909f56bfc062723c751e8b465ee728b)  -> (artifact id: '48dda6e17ed1c2289f8eed0c96851c86') in 0.024062 seconds 
  Import took 0.028543 seconds .

========================================================================
Received Import Request.
  Time since last request: 0.000413 seconds.
  path: Assets/Fantasy Adventure Environment/Materials/Rocks/Cliff_F_Mat.mat
  artifactKey: Guid(98764edd700fce5438f40f258bc48927) Importer(815301076,1909f56bfc062723c751e8b465ee728b)
Start importing Assets/Fantasy Adventure Environment/Materials/Rocks/Cliff_F_Mat.mat using Guid(98764edd700fce5438f40f258bc48927) Importer(815301076,1909f56bfc062723c751e8b465ee728b)  -> (artifact id: 'ac9b47422a083395ebf13c0251979bce') in 0.032645 seconds 
  Import took 0.038140 seconds .

========================================================================
Received Import Request.
  Time since last request: 0.000163 seconds.
  path: Assets/Fantasy Adventure Environment/Materials/Rocks/Cliff_C_Mat.mat
  artifactKey: Guid(f6653cb4a7fc86c439e596edb503062b) Importer(815301076,1909f56bfc062723c751e8b465ee728b)
Start importing Assets/Fantasy Adventure Environment/Materials/Rocks/Cliff_C_Mat.mat using Guid(f6653cb4a7fc86c439e596edb503062b) Importer(815301076,1909f56bfc062723c751e8b465ee728b)  -> (artifact id: '2cfb02660a06d59d7ebb9f089c0cfefd') in 0.043577 seconds 
  Import took 0.047996 seconds .

========================================================================
Received Import Request.
  Time since last request: 0.000137 seconds.
  path: Assets/Building/Casita/Casita.mat
  artifactKey: Guid(54c003c6e0130b44dab1950502591a4e) Importer(815301076,1909f56bfc062723c751e8b465ee728b)
Start importing Assets/Building/Casita/Casita.mat using Guid(54c003c6e0130b44dab1950502591a4e) Importer(815301076,1909f56bfc062723c751e8b465ee728b)  -> (artifact id: '468e4d1ccf2f3b215a8c8e6bc46abe78') in 0.024263 seconds 
  Import took 0.028468 seconds .

========================================================================
Received Import Request.
  Time since last request: 0.000199 seconds.
  path: Assets/Building/Mine/Crystal_Mine/Prefabs/Mine.fbx
  artifactKey: Guid(0b1d3efe1111cc04f8aff95bc91e83bb) Importer(815301076,1909f56bfc062723c751e8b465ee728b)
Start importing Assets/Building/Mine/Crystal_Mine/Prefabs/Mine.fbx using Guid(0b1d3efe1111cc04f8aff95bc91e83bb) Importer(815301076,1909f56bfc062723c751e8b465ee728b)  -> (artifact id: '0ace09deb6b9ff149c38921ba44d393d') in 0.027954 seconds 
  Import took 0.033025 seconds .

========================================================================
Received Import Request.
  Time since last request: 5.834615 seconds.
  path: Assets/Models/Puzzle/Circles.fbx
  artifactKey: Guid(8da1423a17061b64eb31f5ccae7a09b3) Importer(815301076,1909f56bfc062723c751e8b465ee728b)
Start importing Assets/Models/Puzzle/Circles.fbx using Guid(8da1423a17061b64eb31f5ccae7a09b3) Importer(815301076,1909f56bfc062723c751e8b465ee728b)  -> (artifact id: 'e6a24d36982e3bef443bb715760b9509') in 0.070860 seconds 
  Import took 0.075103 seconds .

========================================================================
Received Import Request.
  Time since last request: 0.000213 seconds.
  path: Assets/Models/GraveyardAssets.fbx
  artifactKey: Guid(ca7bab67201f779498be39792a302708) Importer(815301076,1909f56bfc062723c751e8b465ee728b)
Start importing Assets/Models/GraveyardAssets.fbx using Guid(ca7bab67201f779498be39792a302708) Importer(815301076,1909f56bfc062723c751e8b465ee728b)  -> (artifact id: 'f1fcc8db521af46d554e445584e01a93') in 0.097929 seconds 
  Import took 0.101891 seconds .

========================================================================
Received Import Request.
  Time since last request: 0.000169 seconds.
  path: Assets/Models/PuzzleBridge.fbx
  artifactKey: Guid(1d5848a8e5af1224d994f7c84a0abae1) Importer(815301076,1909f56bfc062723c751e8b465ee728b)
Start importing Assets/Models/PuzzleBridge.fbx using Guid(1d5848a8e5af1224d994f7c84a0abae1) Importer(815301076,1909f56bfc062723c751e8b465ee728b)  -> (artifact id: '177ee952403f3f6db2c2c7bc0e77e642') in 0.065682 seconds 
  Import took 0.069623 seconds .

========================================================================
Received Import Request.
  Time since last request: 0.000277 seconds.
  path: Assets/Building/Generador/Generator.fbx
  artifactKey: Guid(ca84e95cc176cd649969fed7c0383ac8) Importer(815301076,1909f56bfc062723c751e8b465ee728b)
Start importing Assets/Building/Generador/Generator.fbx using Guid(ca84e95cc176cd649969fed7c0383ac8) Importer(815301076,1909f56bfc062723c751e8b465ee728b)  -> (artifact id: '1e354a11b9b39f4bc8b8ed70ce6d9726') in 0.055730 seconds 
  Import took 0.060423 seconds .

AssetImportWorkerClient::OnTransportError - code=2 error=End of file
