Using pre-set license
Built from '2020.3/staging' branch; Version is '2020.3.25f1 (9b9180224418) revision 10195328'; Using compiler version '192528614'; Build Type 'Release'
OS: 'Windows 10  (10.0.19044) 64bit Professional' Language: 'es' Physical Memory: 8116 MB
BatchMode: 1, IsHumanControllingUs: 0, StartBugReporterOnCrash: 0, Is64bit: 1, IsPro: 0

COMMAND LINE ARGUMENTS:
C:\Program Files\Unity\Hub\Editor\2020.3.25f1\Editor\Unity.exe
-adb2
-batchMode
-noUpm
-name
AssetImportWorker1
-projectPath
C:/Users/Alejandro/Desktop/Tesis3d/Tesis-3D/Tesis Built-In
-logFile
Logs/AssetImportWorker1.log
-srvPort
53290
Successfully changed project path to: C:/Users/Alejandro/Desktop/Tesis3d/Tesis-3D/Tesis Built-In
C:/Users/Alejandro/Desktop/Tesis3d/Tesis-3D/Tesis Built-In
Using Asset Import Pipeline V2.
Refreshing native plugins compatible for Editor in 109.17 ms, found 2 plugins.
Preloading 0 native plugins for Editor in 0.00 ms.
Initialize engine version: 2020.3.25f1 (9b9180224418)
[Subsystems] Discovering subsystems at path C:/Program Files/Unity/Hub/Editor/2020.3.25f1/Editor/Data/Resources/UnitySubsystems
[Subsystems] Discovering subsystems at path C:/Users/Alejandro/Desktop/Tesis3d/Tesis-3D/Tesis Built-In/Assets
GfxDevice: creating device client; threaded=0
Direct3D:
    Version:  Direct3D 11.0 [level 11.1]
    Renderer: NVIDIA GeForce GTX 1660 Ti (ID=0x2182)
    Vendor:   
    VRAM:     5991 MB
    Driver:   31.0.15.1694
Initialize mono
Mono path[0] = 'C:/Program Files/Unity/Hub/Editor/2020.3.25f1/Editor/Data/Managed'
Mono path[1] = 'C:/Program Files/Unity/Hub/Editor/2020.3.25f1/Editor/Data/MonoBleedingEdge/lib/mono/unityjit'
Mono config path = 'C:/Program Files/Unity/Hub/Editor/2020.3.25f1/Editor/Data/MonoBleedingEdge/etc'
Using monoOptions --debugger-agent=transport=dt_socket,embedding=1,server=y,suspend=n,address=127.0.0.1:56092
Begin MonoManager ReloadAssembly
Registering precompiled unity dll's ...
Register platform support module: C:/Program Files/Unity/Hub/Editor/2020.3.25f1/Editor/Data/PlaybackEngines/WebGLSupport/UnityEditor.WebGL.Extensions.dll
Register platform support module: C:/Program Files/Unity/Hub/Editor/2020.3.25f1/Editor/Data/PlaybackEngines/MacStandaloneSupport/UnityEditor.OSXStandalone.Extensions.dll
Register platform support module: C:/Program Files/Unity/Hub/Editor/2020.3.25f1/Editor/Data/PlaybackEngines/WindowsStandaloneSupport/UnityEditor.WindowsStandalone.Extensions.dll
Register platform support module: C:/Program Files/Unity/Hub/Editor/2020.3.25f1/Editor/Data/PlaybackEngines/LinuxStandaloneSupport/UnityEditor.LinuxStandalone.Extensions.dll
Registered in 0.004729 seconds.
Native extension for LinuxStandalone target not found
Native extension for WindowsStandalone target not found
Native extension for OSXStandalone target not found
Native extension for WebGL target not found
Refreshing native plugins compatible for Editor in 123.67 ms, found 2 plugins.
Preloading 0 native plugins for Editor in 0.00 ms.
Mono: successfully reloaded assembly
- Completed reload, in  0.856 seconds
Domain Reload Profiling:
	ReloadAssembly (856ms)
		BeginReloadAssembly (67ms)
			ExecutionOrderSort (0ms)
			DisableScriptedObjects (0ms)
			BackupInstance (0ms)
			ReleaseScriptingObjects (0ms)
			CreateAndSetChildDomain (1ms)
		EndReloadAssembly (684ms)
			LoadAssemblies (66ms)
			RebuildTransferFunctionScriptingTraits (0ms)
			SetupTypeCache (197ms)
			ReleaseScriptCaches (0ms)
			RebuildScriptCaches (38ms)
			SetupLoadedEditorAssemblies (300ms)
				LogAssemblyErrors (0ms)
				InitializePlatformSupportModulesInManaged (9ms)
				SetLoadedEditorAssemblies (1ms)
				RefreshPlugins (124ms)
				BeforeProcessingInitializeOnLoad (17ms)
				ProcessInitializeOnLoadAttributes (115ms)
				ProcessInitializeOnLoadMethodAttributes (34ms)
				AfterProcessingInitializeOnLoad (0ms)
				EditorAssembliesLoaded (0ms)
			ExecutionOrderSort2 (0ms)
			AwakeInstancesAfterBackupRestoration (0ms)
Platform modules already initialized, skipping
Registering precompiled user dll's ...
Registered in 0.006879 seconds.
Begin MonoManager ReloadAssembly
Symbol file data-000002139ABD8880 doesn't match image C:\Users\Alejandro\Desktop\Tesis3d\Tesis-3D\Tesis Built-In\Library\ScriptAssemblies\sc.fae.editor.dll
Symbol file LoadedFromMemory is not a mono symbol file
Symbol file data-000002137664A020 doesn't match image C:\Users\Alejandro\Desktop\Tesis3d\Tesis-3D\Tesis Built-In\Library\ScriptAssemblies\AmplifyShaderEditor.dll
Symbol file LoadedFromMemory is not a mono symbol file
Symbol file data-000002139ABD8880 doesn't match image C:\Users\Alejandro\Desktop\Tesis3d\Tesis-3D\Tesis Built-In\Library\ScriptAssemblies\Unity.VSCode.Editor.dll
Symbol file LoadedFromMemory is not a mono symbol file
Symbol file data-000002139BACE840 doesn't match image C:\Users\Alejandro\Desktop\Tesis3d\Tesis-3D\Tesis Built-In\Library\ScriptAssemblies\Unity.TextMeshPro.Editor.dll
Symbol file LoadedFromMemory is not a mono symbol file
Symbol file data-000002139BB0DDE0 doesn't match image C:\Users\Alejandro\Desktop\Tesis3d\Tesis-3D\Tesis Built-In\Library\ScriptAssemblies\Unity.VisualStudio.Editor.dll
Symbol file LoadedFromMemory is not a mono symbol file
Symbol file data-000002139BAD6850 doesn't match image C:\Users\Alejandro\Desktop\Tesis3d\Tesis-3D\Tesis Built-In\Library\ScriptAssemblies\UnityEngine.TestRunner.dll
Symbol file LoadedFromMemory is not a mono symbol file
Symbol file data-000002139BFC7830 doesn't match image C:\Users\Alejandro\Desktop\Tesis3d\Tesis-3D\Tesis Built-In\Library\ScriptAssemblies\Unity.Timeline.dll
Symbol file LoadedFromMemory is not a mono symbol file
Symbol file data-000002139ADF7020 doesn't match image C:\Users\Alejandro\Desktop\Tesis3d\Tesis-3D\Tesis Built-In\Library\ScriptAssemblies\Unity.TextMeshPro.dll
Symbol file LoadedFromMemory is not a mono symbol file
Symbol file data-000002139BB0DDE0 doesn't match image C:\Users\Alejandro\Desktop\Tesis3d\Tesis-3D\Tesis Built-In\Library\ScriptAssemblies\Unity.Burst.Editor.dll
Symbol file LoadedFromMemory is not a mono symbol file
Symbol file data-000002139AE25230 doesn't match image C:\Users\Alejandro\Desktop\Tesis3d\Tesis-3D\Tesis Built-In\Library\ScriptAssemblies\UnityEditor.TestRunner.dll
Symbol file LoadedFromMemory is not a mono symbol file
Symbol file data-000002139BB0DDE0 doesn't match image C:\Users\Alejandro\Desktop\Tesis3d\Tesis-3D\Tesis Built-In\Library\ScriptAssemblies\Unity.Postprocessing.Editor.dll
Symbol file LoadedFromMemory is not a mono symbol file
Symbol file data-000002139BB0DDE0 doesn't match image C:\Users\Alejandro\Desktop\Tesis3d\Tesis-3D\Tesis Built-In\Library\ScriptAssemblies\UnityEditor.UI.dll
Symbol file LoadedFromMemory is not a mono symbol file
Symbol file data-000002139ACA7020 doesn't match image C:\Users\Alejandro\Desktop\Tesis3d\Tesis-3D\Tesis Built-In\Library\ScriptAssemblies\Unity.PlasticSCM.Editor.dll
Symbol file LoadedFromMemory is not a mono symbol file
Symbol file data-0000021375EC83C0 doesn't match image C:\Users\Alejandro\Desktop\Tesis3d\Tesis-3D\Tesis Built-In\Library\ScriptAssemblies\Unity.Rider.Editor.dll
Symbol file LoadedFromMemory is not a mono symbol file
Symbol file data-0000021376981450 doesn't match image C:\Users\Alejandro\Desktop\Tesis3d\Tesis-3D\Tesis Built-In\Library\ScriptAssemblies\UnityEngine.UI.dll
Symbol file LoadedFromMemory is not a mono symbol file
Symbol file data-0000021376999460 doesn't match image C:\Users\Alejandro\Desktop\Tesis3d\Tesis-3D\Tesis Built-In\Library\ScriptAssemblies\Unity.Animation.Rigging.dll
Symbol file LoadedFromMemory is not a mono symbol file
Symbol file data-000002139B7CB020 doesn't match image C:\Users\Alejandro\Desktop\Tesis3d\Tesis-3D\Tesis Built-In\Library\ScriptAssemblies\Unity.Mathematics.dll
Symbol file LoadedFromMemory is not a mono symbol file
Symbol file data-0000021376A7ABC0 doesn't match image C:\Users\Alejandro\Desktop\Tesis3d\Tesis-3D\Tesis Built-In\Library\ScriptAssemblies\Unity.TerrainTools.dll
Symbol file LoadedFromMemory is not a mono symbol file
Symbol file data-0000021376632980 doesn't match image C:\Users\Alejandro\Desktop\Tesis3d\Tesis-3D\Tesis Built-In\Library\ScriptAssemblies\Unity.Services.Core.Editor.dll
Symbol file LoadedFromMemory is not a mono symbol file
Symbol file data-000002139AC61030 doesn't match image C:\Users\Alejandro\Desktop\Tesis3d\Tesis-3D\Tesis Built-In\Library\ScriptAssemblies\Cinemachine.dll
Symbol file LoadedFromMemory is not a mono symbol file
Symbol file data-000002139ACFB020 doesn't match image C:\Users\Alejandro\Desktop\Tesis3d\Tesis-3D\Tesis Built-In\Library\ScriptAssemblies\Unity.Burst.dll
Symbol file LoadedFromMemory is not a mono symbol file
Symbol file data-000002139AD2B630 doesn't match image C:\Users\Alejandro\Desktop\Tesis3d\Tesis-3D\Tesis Built-In\Library\ScriptAssemblies\com.unity.cinemachine.editor.dll
Symbol file LoadedFromMemory is not a mono symbol file
Symbol file data-000002139AC87C40 doesn't match image C:\Users\Alejandro\Desktop\Tesis3d\Tesis-3D\Tesis Built-In\Library\ScriptAssemblies\Unity.Postprocessing.Runtime.dll
Symbol file LoadedFromMemory is not a mono symbol file
Symbol file data-00000213766ADE30 doesn't match image C:\Users\Alejandro\Desktop\Tesis3d\Tesis-3D\Tesis Built-In\Library\ScriptAssemblies\Unity.TerrainTools.Editor.dll
Symbol file LoadedFromMemory is not a mono symbol file
Symbol file data-000002139AE9F020 doesn't match image C:\Users\Alejandro\Desktop\Tesis3d\Tesis-3D\Tesis Built-In\Library\ScriptAssemblies\Unity.Timeline.Editor.dll
Symbol file LoadedFromMemory is not a mono symbol file
Symbol file data-000002139AC87C40 doesn't match image C:\Users\Alejandro\Desktop\Tesis3d\Tesis-3D\Tesis Built-In\Library\ScriptAssemblies\Unity.CollabProxy.Editor.dll
Symbol file LoadedFromMemory is not a mono symbol file
Symbol file data-000002139C217030 doesn't match image C:\Users\Alejandro\Desktop\Tesis3d\Tesis-3D\Tesis Built-In\Library\ScriptAssemblies\Unity.Mathematics.Editor.dll
Symbol file LoadedFromMemory is not a mono symbol file
Symbol file data-0000021375E969B0 doesn't match image C:\Users\Alejandro\Desktop\Tesis3d\Tesis-3D\Tesis Built-In\Library\ScriptAssemblies\sc.fae.runtime.dll
Symbol file LoadedFromMemory is not a mono symbol file
Symbol file data-00000213766D6440 doesn't match image C:\Users\Alejandro\Desktop\Tesis3d\Tesis-3D\Tesis Built-In\Library\ScriptAssemblies\Unity.Animation.Rigging.Editor.dll
Symbol file LoadedFromMemory is not a mono symbol file
Native extension for LinuxStandalone target not found
Native extension for WindowsStandalone target not found
Native extension for OSXStandalone target not found
Native extension for WebGL target not found
Refreshing native plugins compatible for Editor in 102.89 ms, found 2 plugins.
Preloading 0 native plugins for Editor in 0.00 ms.
Mono: successfully reloaded assembly
- Completed reload, in  3.555 seconds
Domain Reload Profiling:
	ReloadAssembly (3564ms)
		BeginReloadAssembly (209ms)
			ExecutionOrderSort (0ms)
			DisableScriptedObjects (5ms)
			BackupInstance (0ms)
			ReleaseScriptingObjects (0ms)
			CreateAndSetChildDomain (22ms)
		EndReloadAssembly (3283ms)
			LoadAssemblies (152ms)
			RebuildTransferFunctionScriptingTraits (0ms)
			SetupTypeCache (424ms)
			ReleaseScriptCaches (1ms)
			RebuildScriptCaches (101ms)
			SetupLoadedEditorAssemblies (2493ms)
				LogAssemblyErrors (0ms)
				InitializePlatformSupportModulesInManaged (7ms)
				SetLoadedEditorAssemblies (0ms)
				RefreshPlugins (103ms)
				BeforeProcessingInitializeOnLoad (98ms)
				ProcessInitializeOnLoadAttributes (2263ms)
				ProcessInitializeOnLoadMethodAttributes (16ms)
				AfterProcessingInitializeOnLoad (6ms)
				EditorAssembliesLoaded (0ms)
			ExecutionOrderSort2 (0ms)
			AwakeInstancesAfterBackupRestoration (9ms)
Platform modules already initialized, skipping
========================================================================
Worker process is ready to serve import requests
Launched and connected shader compiler UnityShaderCompiler.exe after 0.16 seconds
Refreshing native plugins compatible for Editor in 0.82 ms, found 2 plugins.
Preloading 0 native plugins for Editor in 0.00 ms.
Unloading 3134 Unused Serialized files (Serialized files now loaded: 0)
System memory in use before: 311.3 MB.
System memory in use after: 310.9 MB.

Unloading 35 unused Assets to reduce memory usage. Loaded Objects now: 3605.
Total: 4.460500 ms (FindLiveObjects: 0.398300 ms CreateObjectMapping: 0.283900 ms MarkObjects: 3.357300 ms  DeleteObjects: 0.419300 ms)

AssetImportParameters requested are different than current active one (requested -> active):
  custom:framework-win-MediaFoundation: 216162199b28c13a410421893ffa2e32 -> 
  custom:video-decoder-ogg-theora: a1e56fd34408186e4bbccfd4996cb3dc -> 
  custom:container-muxer-webm: aa71ff27fc2769a1b78a27578f13a17b -> 
  custom:container-demuxer-webm: 4f35f7cbe854078d1ac9338744f61a02 -> 
  custom:container-demuxer-ogg: 62fdf1f143b41e24485cea50d1cbac27 -> 
  custom:video-encoder-webm-vp8: eb34c28f22e8b96e1ab97ce403110664 -> 
  custom:video-decoder-webm-vp8: 9c59270c3fd7afecdb556c50c9e8de78 -> 
  custom:audio-decoder-ogg-vorbis: bf7c407c2cedff20999df2af8eb42d56 -> 
  custom:audio-encoder-webm-vorbis: bf7c407c2cedff20999df2af8eb42d56 -> 
========================================================================
Received Import Request.
  path: Assets/Scenes/Mine.unity
  artifactKey: Guid(352a48b2d902b164bb815496b3038378) Importer(815301076,1909f56bfc062723c751e8b465ee728b)
Start importing Assets/Scenes/Mine.unity using Guid(352a48b2d902b164bb815496b3038378) Importer(815301076,1909f56bfc062723c751e8b465ee728b)  -> (artifact id: '85f2a882ecbe353768ff0de4d83e9c22') in 0.027697 seconds 
  Import took 0.037538 seconds .

========================================================================
Received Import Request.
  Time since last request: 0.000217 seconds.
  path: Assets/Scenes/Menu.unity
  artifactKey: Guid(e5fc817ff19af1648a3fc05576f9336d) Importer(815301076,1909f56bfc062723c751e8b465ee728b)
Start importing Assets/Scenes/Menu.unity using Guid(e5fc817ff19af1648a3fc05576f9336d) Importer(815301076,1909f56bfc062723c751e8b465ee728b)  -> (artifact id: '4d68da758f8bf0f7414137110e73ff37') in 0.007311 seconds 
  Import took 0.017489 seconds .

========================================================================
Received Import Request.
  Time since last request: 0.000253 seconds.
  path: Assets/Scenes/Map.unity
  artifactKey: Guid(075a1ae7d891eed46b99e54f01d2ba30) Importer(815301076,1909f56bfc062723c751e8b465ee728b)
Start importing Assets/Scenes/Map.unity using Guid(075a1ae7d891eed46b99e54f01d2ba30) Importer(815301076,1909f56bfc062723c751e8b465ee728b)  -> (artifact id: 'c15fd8f6308b723c15f705bff21d37cb') in 0.015278 seconds 
  Import took 0.022710 seconds .

========================================================================
Received Import Request.
  Time since last request: 0.000230 seconds.
  path: Assets/Scenes/Ale.unity
  artifactKey: Guid(a84932d89932acc488e5336fe68bd91b) Importer(815301076,1909f56bfc062723c751e8b465ee728b)
Start importing Assets/Scenes/Ale.unity using Guid(a84932d89932acc488e5336fe68bd91b) Importer(815301076,1909f56bfc062723c751e8b465ee728b)  -> (artifact id: '8b91bff1730a8c0c8c550aabdc6632c8') in 0.009965 seconds 
  Import took 0.017656 seconds .

========================================================================
Received Import Request.
  Time since last request: 48.036715 seconds.
  path: Assets/Animaciones/Rocks/Rocks.controller
  artifactKey: Guid(a9da0c843438168489ddec97e992896e) Importer(815301076,1909f56bfc062723c751e8b465ee728b)
Start importing Assets/Animaciones/Rocks/Rocks.controller using Guid(a9da0c843438168489ddec97e992896e) Importer(815301076,1909f56bfc062723c751e8b465ee728b)  -> (artifact id: '1d8312db4625ef4c061fa98fdc9315bb') in 0.081362 seconds 
  Import took 0.090536 seconds .

========================================================================
Received Prepare
Registering precompiled user dll's ...
Registered in 0.018220 seconds.
Begin MonoManager ReloadAssembly
Symbol file data-0000021376592830 doesn't match image C:\Users\Alejandro\Desktop\Tesis3d\Tesis-3D\Tesis Built-In\Library\ScriptAssemblies\sc.fae.editor.dll
Symbol file LoadedFromMemory is not a mono symbol file
Symbol file data-000002139E991020 doesn't match image C:\Users\Alejandro\Desktop\Tesis3d\Tesis-3D\Tesis Built-In\Library\ScriptAssemblies\AmplifyShaderEditor.dll
Symbol file LoadedFromMemory is not a mono symbol file
Symbol file data-0000021376592830 doesn't match image C:\Users\Alejandro\Desktop\Tesis3d\Tesis-3D\Tesis Built-In\Library\ScriptAssemblies\Unity.VSCode.Editor.dll
Symbol file LoadedFromMemory is not a mono symbol file
Symbol file data-00000213AB9E6FA0 doesn't match image C:\Users\Alejandro\Desktop\Tesis3d\Tesis-3D\Tesis Built-In\Library\ScriptAssemblies\Unity.TextMeshPro.Editor.dll
Symbol file LoadedFromMemory is not a mono symbol file
Symbol file data-000002139BAF5DC0 doesn't match image C:\Users\Alejandro\Desktop\Tesis3d\Tesis-3D\Tesis Built-In\Library\ScriptAssemblies\Unity.VisualStudio.Editor.dll
Symbol file LoadedFromMemory is not a mono symbol file
Symbol file data-00000213AB9E6FA0 doesn't match image C:\Users\Alejandro\Desktop\Tesis3d\Tesis-3D\Tesis Built-In\Library\ScriptAssemblies\UnityEngine.TestRunner.dll
Symbol file LoadedFromMemory is not a mono symbol file
Symbol file data-00000213AB9E6FA0 doesn't match image C:\Users\Alejandro\Desktop\Tesis3d\Tesis-3D\Tesis Built-In\Library\ScriptAssemblies\Unity.Timeline.dll
Symbol file LoadedFromMemory is not a mono symbol file
Symbol file data-0000021376410010 doesn't match image C:\Users\Alejandro\Desktop\Tesis3d\Tesis-3D\Tesis Built-In\Library\ScriptAssemblies\Unity.TextMeshPro.dll
Symbol file LoadedFromMemory is not a mono symbol file
Symbol file data-0000021376632980 doesn't match image C:\Users\Alejandro\Desktop\Tesis3d\Tesis-3D\Tesis Built-In\Library\ScriptAssemblies\Unity.Burst.Editor.dll
Symbol file LoadedFromMemory is not a mono symbol file
Symbol file data-000002139DE18020 doesn't match image C:\Users\Alejandro\Desktop\Tesis3d\Tesis-3D\Tesis Built-In\Library\ScriptAssemblies\UnityEditor.TestRunner.dll
Symbol file LoadedFromMemory is not a mono symbol file
Symbol file data-000002139BAF5DC0 doesn't match image C:\Users\Alejandro\Desktop\Tesis3d\Tesis-3D\Tesis Built-In\Library\ScriptAssemblies\Unity.Postprocessing.Editor.dll
Symbol file LoadedFromMemory is not a mono symbol file
Symbol file data-000002139BAF5DC0 doesn't match image C:\Users\Alejandro\Desktop\Tesis3d\Tesis-3D\Tesis Built-In\Library\ScriptAssemblies\UnityEditor.UI.dll
Symbol file LoadedFromMemory is not a mono symbol file
Symbol file data-0000021376962040 doesn't match image C:\Users\Alejandro\Desktop\Tesis3d\Tesis-3D\Tesis Built-In\Library\ScriptAssemblies\Unity.PlasticSCM.Editor.dll
Symbol file LoadedFromMemory is not a mono symbol file
Symbol file data-0000021375EC83C0 doesn't match image C:\Users\Alejandro\Desktop\Tesis3d\Tesis-3D\Tesis Built-In\Library\ScriptAssemblies\Unity.Rider.Editor.dll
Symbol file LoadedFromMemory is not a mono symbol file
Symbol file data-000002139AAF5020 doesn't match image C:\Users\Alejandro\Desktop\Tesis3d\Tesis-3D\Tesis Built-In\Library\ScriptAssemblies\UnityEngine.UI.dll
Symbol file LoadedFromMemory is not a mono symbol file
Symbol file data-000002139ABCEA30 doesn't match image C:\Users\Alejandro\Desktop\Tesis3d\Tesis-3D\Tesis Built-In\Library\ScriptAssemblies\Unity.Animation.Rigging.dll
Symbol file LoadedFromMemory is not a mono symbol file
Symbol file data-000002139B630010 doesn't match image C:\Users\Alejandro\Desktop\Tesis3d\Tesis-3D\Tesis Built-In\Library\ScriptAssemblies\Unity.Mathematics.dll
Symbol file LoadedFromMemory is not a mono symbol file
Symbol file data-00000213AAAFBEB0 doesn't match image C:\Users\Alejandro\Desktop\Tesis3d\Tesis-3D\Tesis Built-In\Library\ScriptAssemblies\Unity.TerrainTools.dll
Symbol file LoadedFromMemory is not a mono symbol file
Symbol file data-0000021376632980 doesn't match image C:\Users\Alejandro\Desktop\Tesis3d\Tesis-3D\Tesis Built-In\Library\ScriptAssemblies\Unity.Services.Core.Editor.dll
Symbol file LoadedFromMemory is not a mono symbol file
Symbol file data-000002139AAF5020 doesn't match image C:\Users\Alejandro\Desktop\Tesis3d\Tesis-3D\Tesis Built-In\Library\ScriptAssemblies\Cinemachine.dll
Symbol file LoadedFromMemory is not a mono symbol file
Symbol file data-000002139C621010 doesn't match image C:\Users\Alejandro\Desktop\Tesis3d\Tesis-3D\Tesis Built-In\Library\ScriptAssemblies\Unity.Burst.dll
Symbol file LoadedFromMemory is not a mono symbol file
Symbol file data-00000213766E59B0 doesn't match image C:\Users\Alejandro\Desktop\Tesis3d\Tesis-3D\Tesis Built-In\Library\ScriptAssemblies\com.unity.cinemachine.editor.dll
Symbol file LoadedFromMemory is not a mono symbol file
Symbol file data-00000213766E59B0 doesn't match image C:\Users\Alejandro\Desktop\Tesis3d\Tesis-3D\Tesis Built-In\Library\ScriptAssemblies\Unity.Postprocessing.Runtime.dll
Symbol file LoadedFromMemory is not a mono symbol file
Symbol file data-00000213A3594020 doesn't match image C:\Users\Alejandro\Desktop\Tesis3d\Tesis-3D\Tesis Built-In\Library\ScriptAssemblies\Unity.TerrainTools.Editor.dll
Symbol file LoadedFromMemory is not a mono symbol file
Symbol file data-000002139ACA7020 doesn't match image C:\Users\Alejandro\Desktop\Tesis3d\Tesis-3D\Tesis Built-In\Library\ScriptAssemblies\Unity.Timeline.Editor.dll
Symbol file LoadedFromMemory is not a mono symbol file
Symbol file data-00000213766E59B0 doesn't match image C:\Users\Alejandro\Desktop\Tesis3d\Tesis-3D\Tesis Built-In\Library\ScriptAssemblies\Unity.CollabProxy.Editor.dll
Symbol file LoadedFromMemory is not a mono symbol file
Symbol file data-000002137101F170 doesn't match image C:\Users\Alejandro\Desktop\Tesis3d\Tesis-3D\Tesis Built-In\Library\ScriptAssemblies\Unity.Mathematics.Editor.dll
Symbol file LoadedFromMemory is not a mono symbol file
Symbol file data-00000213760C0BD0 doesn't match image C:\Users\Alejandro\Desktop\Tesis3d\Tesis-3D\Tesis Built-In\Library\ScriptAssemblies\sc.fae.runtime.dll
Symbol file LoadedFromMemory is not a mono symbol file
Symbol file data-000002139ABCEA30 doesn't match image C:\Users\Alejandro\Desktop\Tesis3d\Tesis-3D\Tesis Built-In\Library\ScriptAssemblies\Unity.Animation.Rigging.Editor.dll
Symbol file LoadedFromMemory is not a mono symbol file
Native extension for LinuxStandalone target not found
Native extension for WindowsStandalone target not found
Native extension for OSXStandalone target not found
Native extension for WebGL target not found
Refreshing native plugins compatible for Editor in 0.99 ms, found 2 plugins.
Preloading 0 native plugins for Editor in 0.00 ms.
Mono: successfully reloaded assembly
- Completed reload, in  5.357 seconds
Domain Reload Profiling:
	ReloadAssembly (5357ms)
		BeginReloadAssembly (404ms)
			ExecutionOrderSort (0ms)
			DisableScriptedObjects (8ms)
			BackupInstance (0ms)
			ReleaseScriptingObjects (0ms)
			CreateAndSetChildDomain (169ms)
		EndReloadAssembly (4612ms)
			LoadAssemblies (679ms)
			RebuildTransferFunctionScriptingTraits (0ms)
			SetupTypeCache (1014ms)
			ReleaseScriptCaches (4ms)
			RebuildScriptCaches (245ms)
			SetupLoadedEditorAssemblies (2377ms)
				LogAssemblyErrors (0ms)
				InitializePlatformSupportModulesInManaged (12ms)
				SetLoadedEditorAssemblies (1ms)
				RefreshPlugins (1ms)
				BeforeProcessingInitializeOnLoad (229ms)
				ProcessInitializeOnLoadAttributes (2040ms)
				ProcessInitializeOnLoadMethodAttributes (50ms)
				AfterProcessingInitializeOnLoad (44ms)
				EditorAssembliesLoaded (1ms)
			ExecutionOrderSort2 (0ms)
			AwakeInstancesAfterBackupRestoration (17ms)
Platform modules already initialized, skipping
Refreshing native plugins compatible for Editor in 0.92 ms, found 2 plugins.
Preloading 0 native plugins for Editor in 0.00 ms.
Unloading 2823 Unused Serialized files (Serialized files now loaded: 0)
System memory in use before: 280.7 MB.
System memory in use after: 280.3 MB.

Unloading 20 unused Assets to reduce memory usage. Loaded Objects now: 3607.
Total: 6.025900 ms (FindLiveObjects: 0.687200 ms CreateObjectMapping: 0.295500 ms MarkObjects: 4.415300 ms  DeleteObjects: 0.625200 ms)

AssetImportParameters requested are different than current active one (requested -> active):
  custom:framework-win-MediaFoundation: 216162199b28c13a410421893ffa2e32 -> 
  custom:video-decoder-ogg-theora: a1e56fd34408186e4bbccfd4996cb3dc -> 
  custom:container-muxer-webm: aa71ff27fc2769a1b78a27578f13a17b -> 
  custom:container-demuxer-webm: 4f35f7cbe854078d1ac9338744f61a02 -> 
  custom:container-demuxer-ogg: 62fdf1f143b41e24485cea50d1cbac27 -> 
  custom:video-encoder-webm-vp8: eb34c28f22e8b96e1ab97ce403110664 -> 
  custom:video-decoder-webm-vp8: 9c59270c3fd7afecdb556c50c9e8de78 -> 
  custom:audio-decoder-ogg-vorbis: bf7c407c2cedff20999df2af8eb42d56 -> 
  custom:audio-encoder-webm-vorbis: bf7c407c2cedff20999df2af8eb42d56 -> 
========================================================================
Received Prepare
Registering precompiled user dll's ...
Registered in 0.018513 seconds.
Begin MonoManager ReloadAssembly
Symbol file data-000002139C945040 doesn't match image C:\Users\Alejandro\Desktop\Tesis3d\Tesis-3D\Tesis Built-In\Library\ScriptAssemblies\sc.fae.editor.dll
Symbol file LoadedFromMemory is not a mono symbol file
Symbol file data-000002139E991020 doesn't match image C:\Users\Alejandro\Desktop\Tesis3d\Tesis-3D\Tesis Built-In\Library\ScriptAssemblies\AmplifyShaderEditor.dll
Symbol file LoadedFromMemory is not a mono symbol file
Symbol file data-000002139C945040 doesn't match image C:\Users\Alejandro\Desktop\Tesis3d\Tesis-3D\Tesis Built-In\Library\ScriptAssemblies\Unity.VSCode.Editor.dll
Symbol file LoadedFromMemory is not a mono symbol file
Symbol file data-000002139C2AF010 doesn't match image C:\Users\Alejandro\Desktop\Tesis3d\Tesis-3D\Tesis Built-In\Library\ScriptAssemblies\Unity.TextMeshPro.Editor.dll
Symbol file LoadedFromMemory is not a mono symbol file
Symbol file data-0000021376219DA0 doesn't match image C:\Users\Alejandro\Desktop\Tesis3d\Tesis-3D\Tesis Built-In\Library\ScriptAssemblies\Unity.VisualStudio.Editor.dll
Symbol file LoadedFromMemory is not a mono symbol file
Symbol file data-000002139DFFA020 doesn't match image C:\Users\Alejandro\Desktop\Tesis3d\Tesis-3D\Tesis Built-In\Library\ScriptAssemblies\UnityEngine.TestRunner.dll
Symbol file LoadedFromMemory is not a mono symbol file
Symbol file data-000002139C2AF010 doesn't match image C:\Users\Alejandro\Desktop\Tesis3d\Tesis-3D\Tesis Built-In\Library\ScriptAssemblies\Unity.Timeline.dll
Symbol file LoadedFromMemory is not a mono symbol file
Symbol file data-000002139AAF5020 doesn't match image C:\Users\Alejandro\Desktop\Tesis3d\Tesis-3D\Tesis Built-In\Library\ScriptAssemblies\Unity.TextMeshPro.dll
Symbol file LoadedFromMemory is not a mono symbol file
Symbol file data-0000021376632980 doesn't match image C:\Users\Alejandro\Desktop\Tesis3d\Tesis-3D\Tesis Built-In\Library\ScriptAssemblies\Unity.Burst.Editor.dll
Symbol file LoadedFromMemory is not a mono symbol file
Symbol file data-000002139EBB5030 doesn't match image C:\Users\Alejandro\Desktop\Tesis3d\Tesis-3D\Tesis Built-In\Library\ScriptAssemblies\UnityEditor.TestRunner.dll
Symbol file LoadedFromMemory is not a mono symbol file
Symbol file data-000002139B8D1A60 doesn't match image C:\Users\Alejandro\Desktop\Tesis3d\Tesis-3D\Tesis Built-In\Library\ScriptAssemblies\Unity.Postprocessing.Editor.dll
Symbol file LoadedFromMemory is not a mono symbol file
Symbol file data-0000021376219DA0 doesn't match image C:\Users\Alejandro\Desktop\Tesis3d\Tesis-3D\Tesis Built-In\Library\ScriptAssemblies\UnityEditor.UI.dll
Symbol file LoadedFromMemory is not a mono symbol file
Symbol file data-000002139AF9B020 doesn't match image C:\Users\Alejandro\Desktop\Tesis3d\Tesis-3D\Tesis Built-In\Library\ScriptAssemblies\Unity.PlasticSCM.Editor.dll
Symbol file LoadedFromMemory is not a mono symbol file
Symbol file data-0000021375EC83C0 doesn't match image C:\Users\Alejandro\Desktop\Tesis3d\Tesis-3D\Tesis Built-In\Library\ScriptAssemblies\Unity.Rider.Editor.dll
Symbol file LoadedFromMemory is not a mono symbol file
Symbol file data-000002139F100010 doesn't match image C:\Users\Alejandro\Desktop\Tesis3d\Tesis-3D\Tesis Built-In\Library\ScriptAssemblies\UnityEngine.UI.dll
Symbol file LoadedFromMemory is not a mono symbol file
Symbol file data-000002139AA33020 doesn't match image C:\Users\Alejandro\Desktop\Tesis3d\Tesis-3D\Tesis Built-In\Library\ScriptAssemblies\Unity.Animation.Rigging.dll
Symbol file LoadedFromMemory is not a mono symbol file
Symbol file data-000002139B630010 doesn't match image C:\Users\Alejandro\Desktop\Tesis3d\Tesis-3D\Tesis Built-In\Library\ScriptAssemblies\Unity.Mathematics.dll
Symbol file LoadedFromMemory is not a mono symbol file
Symbol file data-00000213EEC4C070 doesn't match image C:\Users\Alejandro\Desktop\Tesis3d\Tesis-3D\Tesis Built-In\Library\ScriptAssemblies\Unity.TerrainTools.dll
Symbol file LoadedFromMemory is not a mono symbol file
Symbol file data-0000021376632980 doesn't match image C:\Users\Alejandro\Desktop\Tesis3d\Tesis-3D\Tesis Built-In\Library\ScriptAssemblies\Unity.Services.Core.Editor.dll
Symbol file LoadedFromMemory is not a mono symbol file
Symbol file data-000002139F100010 doesn't match image C:\Users\Alejandro\Desktop\Tesis3d\Tesis-3D\Tesis Built-In\Library\ScriptAssemblies\Cinemachine.dll
Symbol file LoadedFromMemory is not a mono symbol file
Symbol file data-000002139C621010 doesn't match image C:\Users\Alejandro\Desktop\Tesis3d\Tesis-3D\Tesis Built-In\Library\ScriptAssemblies\Unity.Burst.dll
Symbol file LoadedFromMemory is not a mono symbol file
Symbol file data-0000021376585020 doesn't match image C:\Users\Alejandro\Desktop\Tesis3d\Tesis-3D\Tesis Built-In\Library\ScriptAssemblies\com.unity.cinemachine.editor.dll
Symbol file LoadedFromMemory is not a mono symbol file
Symbol file data-000002139DFFA020 doesn't match image C:\Users\Alejandro\Desktop\Tesis3d\Tesis-3D\Tesis Built-In\Library\ScriptAssemblies\Unity.Postprocessing.Runtime.dll
Symbol file LoadedFromMemory is not a mono symbol file
Symbol file data-000002139E700020 doesn't match image C:\Users\Alejandro\Desktop\Tesis3d\Tesis-3D\Tesis Built-In\Library\ScriptAssemblies\Unity.TerrainTools.Editor.dll
Symbol file LoadedFromMemory is not a mono symbol file
Symbol file data-000002139ECB4F00 doesn't match image C:\Users\Alejandro\Desktop\Tesis3d\Tesis-3D\Tesis Built-In\Library\ScriptAssemblies\Unity.Timeline.Editor.dll
Symbol file LoadedFromMemory is not a mono symbol file
Symbol file data-000002139DFFA020 doesn't match image C:\Users\Alejandro\Desktop\Tesis3d\Tesis-3D\Tesis Built-In\Library\ScriptAssemblies\Unity.CollabProxy.Editor.dll
Symbol file LoadedFromMemory is not a mono symbol file
Symbol file data-0000021371010B70 doesn't match image C:\Users\Alejandro\Desktop\Tesis3d\Tesis-3D\Tesis Built-In\Library\ScriptAssemblies\Unity.Mathematics.Editor.dll
Symbol file LoadedFromMemory is not a mono symbol file
Symbol file data-000002139FB8D920 doesn't match image C:\Users\Alejandro\Desktop\Tesis3d\Tesis-3D\Tesis Built-In\Library\ScriptAssemblies\sc.fae.runtime.dll
Symbol file LoadedFromMemory is not a mono symbol file
Symbol file data-000002139AA33020 doesn't match image C:\Users\Alejandro\Desktop\Tesis3d\Tesis-3D\Tesis Built-In\Library\ScriptAssemblies\Unity.Animation.Rigging.Editor.dll
Symbol file LoadedFromMemory is not a mono symbol file
Native extension for LinuxStandalone target not found
Native extension for WindowsStandalone target not found
Native extension for OSXStandalone target not found
Native extension for WebGL target not found
Refreshing native plugins compatible for Editor in 2.10 ms, found 2 plugins.
Preloading 0 native plugins for Editor in 0.00 ms.
Mono: successfully reloaded assembly
- Completed reload, in  4.909 seconds
Domain Reload Profiling:
	ReloadAssembly (4910ms)
		BeginReloadAssembly (294ms)
			ExecutionOrderSort (0ms)
			DisableScriptedObjects (6ms)
			BackupInstance (0ms)
			ReleaseScriptingObjects (0ms)
			CreateAndSetChildDomain (66ms)
		EndReloadAssembly (4410ms)
			LoadAssemblies (374ms)
			RebuildTransferFunctionScriptingTraits (0ms)
			SetupTypeCache (915ms)
			ReleaseScriptCaches (4ms)
			RebuildScriptCaches (193ms)
			SetupLoadedEditorAssemblies (2648ms)
				LogAssemblyErrors (0ms)
				InitializePlatformSupportModulesInManaged (11ms)
				SetLoadedEditorAssemblies (1ms)
				RefreshPlugins (2ms)
				BeforeProcessingInitializeOnLoad (213ms)
				ProcessInitializeOnLoadAttributes (2405ms)
				ProcessInitializeOnLoadMethodAttributes (9ms)
				AfterProcessingInitializeOnLoad (7ms)
				EditorAssembliesLoaded (0ms)
			ExecutionOrderSort2 (0ms)
			AwakeInstancesAfterBackupRestoration (7ms)
Platform modules already initialized, skipping
Refreshing native plugins compatible for Editor in 4.37 ms, found 2 plugins.
Preloading 0 native plugins for Editor in 0.00 ms.
Unloading 2823 Unused Serialized files (Serialized files now loaded: 0)
System memory in use before: 280.8 MB.
System memory in use after: 280.4 MB.

Unloading 20 unused Assets to reduce memory usage. Loaded Objects now: 3609.
Total: 10.544700 ms (FindLiveObjects: 0.616400 ms CreateObjectMapping: 0.354600 ms MarkObjects: 8.286500 ms  DeleteObjects: 1.285600 ms)

AssetImportParameters requested are different than current active one (requested -> active):
  custom:framework-win-MediaFoundation: 216162199b28c13a410421893ffa2e32 -> 
  custom:video-decoder-ogg-theora: a1e56fd34408186e4bbccfd4996cb3dc -> 
  custom:container-muxer-webm: aa71ff27fc2769a1b78a27578f13a17b -> 
  custom:container-demuxer-webm: 4f35f7cbe854078d1ac9338744f61a02 -> 
  custom:container-demuxer-ogg: 62fdf1f143b41e24485cea50d1cbac27 -> 
  custom:video-encoder-webm-vp8: eb34c28f22e8b96e1ab97ce403110664 -> 
  custom:video-decoder-webm-vp8: 9c59270c3fd7afecdb556c50c9e8de78 -> 
  custom:audio-decoder-ogg-vorbis: bf7c407c2cedff20999df2af8eb42d56 -> 
  custom:audio-encoder-webm-vorbis: bf7c407c2cedff20999df2af8eb42d56 -> 
========================================================================
Received Prepare
Registering precompiled user dll's ...
Registered in 0.009921 seconds.
Begin MonoManager ReloadAssembly
Symbol file data-000002139C945040 doesn't match image C:\Users\Alejandro\Desktop\Tesis3d\Tesis-3D\Tesis Built-In\Library\ScriptAssemblies\sc.fae.editor.dll
Symbol file LoadedFromMemory is not a mono symbol file
Symbol file data-00000213764591D0 doesn't match image C:\Users\Alejandro\Desktop\Tesis3d\Tesis-3D\Tesis Built-In\Library\ScriptAssemblies\AmplifyShaderEditor.dll
Symbol file LoadedFromMemory is not a mono symbol file
Symbol file data-000002139C945040 doesn't match image C:\Users\Alejandro\Desktop\Tesis3d\Tesis-3D\Tesis Built-In\Library\ScriptAssemblies\Unity.VSCode.Editor.dll
Symbol file LoadedFromMemory is not a mono symbol file
Symbol file data-00000213F5AC4010 doesn't match image C:\Users\Alejandro\Desktop\Tesis3d\Tesis-3D\Tesis Built-In\Library\ScriptAssemblies\Unity.TextMeshPro.Editor.dll
Symbol file LoadedFromMemory is not a mono symbol file
Symbol file data-0000021376219DA0 doesn't match image C:\Users\Alejandro\Desktop\Tesis3d\Tesis-3D\Tesis Built-In\Library\ScriptAssemblies\Unity.VisualStudio.Editor.dll
Symbol file LoadedFromMemory is not a mono symbol file
Symbol file data-00000213760490F0 doesn't match image C:\Users\Alejandro\Desktop\Tesis3d\Tesis-3D\Tesis Built-In\Library\ScriptAssemblies\UnityEngine.TestRunner.dll
Symbol file LoadedFromMemory is not a mono symbol file
Symbol file data-00000213760490F0 doesn't match image C:\Users\Alejandro\Desktop\Tesis3d\Tesis-3D\Tesis Built-In\Library\ScriptAssemblies\Unity.Timeline.dll
Symbol file LoadedFromMemory is not a mono symbol file
Symbol file data-000002139AAF5020 doesn't match image C:\Users\Alejandro\Desktop\Tesis3d\Tesis-3D\Tesis Built-In\Library\ScriptAssemblies\Unity.TextMeshPro.dll
Symbol file LoadedFromMemory is not a mono symbol file
Symbol file data-0000021376632980 doesn't match image C:\Users\Alejandro\Desktop\Tesis3d\Tesis-3D\Tesis Built-In\Library\ScriptAssemblies\Unity.Burst.Editor.dll
Symbol file LoadedFromMemory is not a mono symbol file
Symbol file data-000002139B6D1820 doesn't match image C:\Users\Alejandro\Desktop\Tesis3d\Tesis-3D\Tesis Built-In\Library\ScriptAssemblies\UnityEditor.TestRunner.dll
Symbol file LoadedFromMemory is not a mono symbol file
Symbol file data-00000213A360D380 doesn't match image C:\Users\Alejandro\Desktop\Tesis3d\Tesis-3D\Tesis Built-In\Library\ScriptAssemblies\Unity.Postprocessing.Editor.dll
Symbol file LoadedFromMemory is not a mono symbol file
Symbol file data-0000021376219DA0 doesn't match image C:\Users\Alejandro\Desktop\Tesis3d\Tesis-3D\Tesis Built-In\Library\ScriptAssemblies\UnityEditor.UI.dll
Symbol file LoadedFromMemory is not a mono symbol file
Symbol file data-000002139BEBA020 doesn't match image C:\Users\Alejandro\Desktop\Tesis3d\Tesis-3D\Tesis Built-In\Library\ScriptAssemblies\Unity.PlasticSCM.Editor.dll
Symbol file LoadedFromMemory is not a mono symbol file
Symbol file data-0000021375EC83C0 doesn't match image C:\Users\Alejandro\Desktop\Tesis3d\Tesis-3D\Tesis Built-In\Library\ScriptAssemblies\Unity.Rider.Editor.dll
Symbol file LoadedFromMemory is not a mono symbol file
Symbol file data-000002139F100010 doesn't match image C:\Users\Alejandro\Desktop\Tesis3d\Tesis-3D\Tesis Built-In\Library\ScriptAssemblies\UnityEngine.UI.dll
Symbol file LoadedFromMemory is not a mono symbol file
Symbol file data-00000213760490F0 doesn't match image C:\Users\Alejandro\Desktop\Tesis3d\Tesis-3D\Tesis Built-In\Library\ScriptAssemblies\Unity.Animation.Rigging.dll
Symbol file LoadedFromMemory is not a mono symbol file
Symbol file data-000002139B630010 doesn't match image C:\Users\Alejandro\Desktop\Tesis3d\Tesis-3D\Tesis Built-In\Library\ScriptAssemblies\Unity.Mathematics.dll
Symbol file LoadedFromMemory is not a mono symbol file
Symbol file data-00000213FD6E2200 doesn't match image C:\Users\Alejandro\Desktop\Tesis3d\Tesis-3D\Tesis Built-In\Library\ScriptAssemblies\Unity.TerrainTools.dll
Symbol file LoadedFromMemory is not a mono symbol file
Symbol file data-0000021376632980 doesn't match image C:\Users\Alejandro\Desktop\Tesis3d\Tesis-3D\Tesis Built-In\Library\ScriptAssemblies\Unity.Services.Core.Editor.dll
Symbol file LoadedFromMemory is not a mono symbol file
Symbol file data-000002139AE9F020 doesn't match image C:\Users\Alejandro\Desktop\Tesis3d\Tesis-3D\Tesis Built-In\Library\ScriptAssemblies\Cinemachine.dll
Symbol file LoadedFromMemory is not a mono symbol file
Symbol file data-00000213A11F5FB0 doesn't match image C:\Users\Alejandro\Desktop\Tesis3d\Tesis-3D\Tesis Built-In\Library\ScriptAssemblies\Unity.Burst.dll
Symbol file LoadedFromMemory is not a mono symbol file
Symbol file data-00000213F5AC4010 doesn't match image C:\Users\Alejandro\Desktop\Tesis3d\Tesis-3D\Tesis Built-In\Library\ScriptAssemblies\com.unity.cinemachine.editor.dll
Symbol file LoadedFromMemory is not a mono symbol file
Symbol file data-000002139AA03420 doesn't match image C:\Users\Alejandro\Desktop\Tesis3d\Tesis-3D\Tesis Built-In\Library\ScriptAssemblies\Unity.Postprocessing.Runtime.dll
Symbol file LoadedFromMemory is not a mono symbol file
Symbol file data-000002139ECB4F00 doesn't match image C:\Users\Alejandro\Desktop\Tesis3d\Tesis-3D\Tesis Built-In\Library\ScriptAssemblies\Unity.TerrainTools.Editor.dll
Symbol file LoadedFromMemory is not a mono symbol file
Symbol file data-00000213F5B85C90 doesn't match image C:\Users\Alejandro\Desktop\Tesis3d\Tesis-3D\Tesis Built-In\Library\ScriptAssemblies\Unity.Timeline.Editor.dll
Symbol file LoadedFromMemory is not a mono symbol file
Symbol file data-000002139AA03420 doesn't match image C:\Users\Alejandro\Desktop\Tesis3d\Tesis-3D\Tesis Built-In\Library\ScriptAssemblies\Unity.CollabProxy.Editor.dll
Symbol file LoadedFromMemory is not a mono symbol file
Symbol file data-00000213F77ACF20 doesn't match image C:\Users\Alejandro\Desktop\Tesis3d\Tesis-3D\Tesis Built-In\Library\ScriptAssemblies\Unity.Mathematics.Editor.dll
Symbol file LoadedFromMemory is not a mono symbol file
Symbol file data-000002139BACA430 doesn't match image C:\Users\Alejandro\Desktop\Tesis3d\Tesis-3D\Tesis Built-In\Library\ScriptAssemblies\sc.fae.runtime.dll
Symbol file LoadedFromMemory is not a mono symbol file
Symbol file data-000002139AA03420 doesn't match image C:\Users\Alejandro\Desktop\Tesis3d\Tesis-3D\Tesis Built-In\Library\ScriptAssemblies\Unity.Animation.Rigging.Editor.dll
Symbol file LoadedFromMemory is not a mono symbol file
Native extension for LinuxStandalone target not found
Native extension for WindowsStandalone target not found
Native extension for OSXStandalone target not found
Native extension for WebGL target not found
Refreshing native plugins compatible for Editor in 1.03 ms, found 2 plugins.
Preloading 0 native plugins for Editor in 0.00 ms.
Mono: successfully reloaded assembly
- Completed reload, in  5.495 seconds
Domain Reload Profiling:
	ReloadAssembly (5496ms)
		BeginReloadAssembly (249ms)
			ExecutionOrderSort (0ms)
			DisableScriptedObjects (13ms)
			BackupInstance (0ms)
			ReleaseScriptingObjects (0ms)
			CreateAndSetChildDomain (100ms)
		EndReloadAssembly (5055ms)
			LoadAssemblies (282ms)
			RebuildTransferFunctionScriptingTraits (0ms)
			SetupTypeCache (970ms)
			ReleaseScriptCaches (3ms)
			RebuildScriptCaches (185ms)
			SetupLoadedEditorAssemblies (3049ms)
				LogAssemblyErrors (0ms)
				InitializePlatformSupportModulesInManaged (17ms)
				SetLoadedEditorAssemblies (1ms)
				RefreshPlugins (1ms)
				BeforeProcessingInitializeOnLoad (391ms)
				ProcessInitializeOnLoadAttributes (2565ms)
				ProcessInitializeOnLoadMethodAttributes (62ms)
				AfterProcessingInitializeOnLoad (13ms)
				EditorAssembliesLoaded (1ms)
			ExecutionOrderSort2 (0ms)
			AwakeInstancesAfterBackupRestoration (14ms)
Platform modules already initialized, skipping
Refreshing native plugins compatible for Editor in 1.71 ms, found 2 plugins.
Preloading 0 native plugins for Editor in 0.00 ms.
Unloading 2823 Unused Serialized files (Serialized files now loaded: 0)
System memory in use before: 280.8 MB.
System memory in use after: 280.4 MB.

Unloading 20 unused Assets to reduce memory usage. Loaded Objects now: 3611.
Total: 17.021800 ms (FindLiveObjects: 1.166000 ms CreateObjectMapping: 1.434500 ms MarkObjects: 13.954500 ms  DeleteObjects: 0.464600 ms)

AssetImportParameters requested are different than current active one (requested -> active):
  custom:framework-win-MediaFoundation: 216162199b28c13a410421893ffa2e32 -> 
  custom:video-decoder-ogg-theora: a1e56fd34408186e4bbccfd4996cb3dc -> 
  custom:container-muxer-webm: aa71ff27fc2769a1b78a27578f13a17b -> 
  custom:container-demuxer-webm: 4f35f7cbe854078d1ac9338744f61a02 -> 
  custom:container-demuxer-ogg: 62fdf1f143b41e24485cea50d1cbac27 -> 
  custom:video-encoder-webm-vp8: eb34c28f22e8b96e1ab97ce403110664 -> 
  custom:video-decoder-webm-vp8: 9c59270c3fd7afecdb556c50c9e8de78 -> 
  custom:audio-decoder-ogg-vorbis: bf7c407c2cedff20999df2af8eb42d56 -> 
  custom:audio-encoder-webm-vorbis: bf7c407c2cedff20999df2af8eb42d56 -> 
========================================================================
Received Prepare
Registering precompiled user dll's ...
Registered in 0.010151 seconds.
Begin MonoManager ReloadAssembly
Symbol file data-00000213A12AA660 doesn't match image C:\Users\Alejandro\Desktop\Tesis3d\Tesis-3D\Tesis Built-In\Library\ScriptAssemblies\sc.fae.editor.dll
Symbol file LoadedFromMemory is not a mono symbol file
Symbol file data-00000213F29925F0 doesn't match image C:\Users\Alejandro\Desktop\Tesis3d\Tesis-3D\Tesis Built-In\Library\ScriptAssemblies\AmplifyShaderEditor.dll
Symbol file LoadedFromMemory is not a mono symbol file
Symbol file data-00000213F5A80AE0 doesn't match image C:\Users\Alejandro\Desktop\Tesis3d\Tesis-3D\Tesis Built-In\Library\ScriptAssemblies\Unity.VSCode.Editor.dll
Symbol file LoadedFromMemory is not a mono symbol file
Symbol file data-00000213766E59B0 doesn't match image C:\Users\Alejandro\Desktop\Tesis3d\Tesis-3D\Tesis Built-In\Library\ScriptAssemblies\Unity.TextMeshPro.Editor.dll
Symbol file LoadedFromMemory is not a mono symbol file
Symbol file data-00000213F50CA580 doesn't match image C:\Users\Alejandro\Desktop\Tesis3d\Tesis-3D\Tesis Built-In\Library\ScriptAssemblies\Unity.VisualStudio.Editor.dll
Symbol file LoadedFromMemory is not a mono symbol file
Symbol file data-00000213A1268310 doesn't match image C:\Users\Alejandro\Desktop\Tesis3d\Tesis-3D\Tesis Built-In\Library\ScriptAssemblies\UnityEngine.TestRunner.dll
Symbol file LoadedFromMemory is not a mono symbol file
Symbol file data-00000213A9417050 doesn't match image C:\Users\Alejandro\Desktop\Tesis3d\Tesis-3D\Tesis Built-In\Library\ScriptAssemblies\Unity.Timeline.dll
Symbol file LoadedFromMemory is not a mono symbol file
Symbol file data-00000213A5F1C030 doesn't match image C:\Users\Alejandro\Desktop\Tesis3d\Tesis-3D\Tesis Built-In\Library\ScriptAssemblies\Unity.TextMeshPro.dll
Symbol file LoadedFromMemory is not a mono symbol file
Symbol file data-00000213AC368010 doesn't match image C:\Users\Alejandro\Desktop\Tesis3d\Tesis-3D\Tesis Built-In\Library\ScriptAssemblies\Unity.Burst.Editor.dll
Symbol file LoadedFromMemory is not a mono symbol file
Symbol file data-00000213F4CFE030 doesn't match image C:\Users\Alejandro\Desktop\Tesis3d\Tesis-3D\Tesis Built-In\Library\ScriptAssemblies\UnityEditor.TestRunner.dll
Symbol file LoadedFromMemory is not a mono symbol file
Symbol file data-00000213F2B5BDF0 doesn't match image C:\Users\Alejandro\Desktop\Tesis3d\Tesis-3D\Tesis Built-In\Library\ScriptAssemblies\Unity.Postprocessing.Editor.dll
Symbol file LoadedFromMemory is not a mono symbol file
Symbol file data-00000213A3C05050 doesn't match image C:\Users\Alejandro\Desktop\Tesis3d\Tesis-3D\Tesis Built-In\Library\ScriptAssemblies\UnityEditor.UI.dll
Symbol file LoadedFromMemory is not a mono symbol file
Symbol file data-00000213A12744C0 doesn't match image C:\Users\Alejandro\Desktop\Tesis3d\Tesis-3D\Tesis Built-In\Library\ScriptAssemblies\Unity.PlasticSCM.Editor.dll
Symbol file LoadedFromMemory is not a mono symbol file
Symbol file data-00000213F592F020 doesn't match image C:\Users\Alejandro\Desktop\Tesis3d\Tesis-3D\Tesis Built-In\Library\ScriptAssemblies\Unity.Rider.Editor.dll
Symbol file LoadedFromMemory is not a mono symbol file
Symbol file data-00000213A46AF500 doesn't match image C:\Users\Alejandro\Desktop\Tesis3d\Tesis-3D\Tesis Built-In\Library\ScriptAssemblies\UnityEngine.UI.dll
Symbol file LoadedFromMemory is not a mono symbol file
Symbol file data-00000213763F0D90 doesn't match image C:\Users\Alejandro\Desktop\Tesis3d\Tesis-3D\Tesis Built-In\Library\ScriptAssemblies\Unity.Animation.Rigging.dll
Symbol file LoadedFromMemory is not a mono symbol file
Symbol file data-00000213F0CF7010 doesn't match image C:\Users\Alejandro\Desktop\Tesis3d\Tesis-3D\Tesis Built-In\Library\ScriptAssemblies\Unity.Mathematics.dll
Symbol file LoadedFromMemory is not a mono symbol file
Symbol file data-00000213EEC4B9B0 doesn't match image C:\Users\Alejandro\Desktop\Tesis3d\Tesis-3D\Tesis Built-In\Library\ScriptAssemblies\Unity.TerrainTools.dll
Symbol file LoadedFromMemory is not a mono symbol file
Symbol file data-00000213F44A9030 doesn't match image C:\Users\Alejandro\Desktop\Tesis3d\Tesis-3D\Tesis Built-In\Library\ScriptAssemblies\Unity.Services.Core.Editor.dll
Symbol file LoadedFromMemory is not a mono symbol file
Symbol file data-00000213A38F7600 doesn't match image C:\Users\Alejandro\Desktop\Tesis3d\Tesis-3D\Tesis Built-In\Library\ScriptAssemblies\Cinemachine.dll
Symbol file LoadedFromMemory is not a mono symbol file
Symbol file data-00000213AA883010 doesn't match image C:\Users\Alejandro\Desktop\Tesis3d\Tesis-3D\Tesis Built-In\Library\ScriptAssemblies\Unity.Burst.dll
Symbol file LoadedFromMemory is not a mono symbol file
Symbol file data-00000213F5EA4010 doesn't match image C:\Users\Alejandro\Desktop\Tesis3d\Tesis-3D\Tesis Built-In\Library\ScriptAssemblies\com.unity.cinemachine.editor.dll
Symbol file LoadedFromMemory is not a mono symbol file
Symbol file data-00000213A12D6980 doesn't match image C:\Users\Alejandro\Desktop\Tesis3d\Tesis-3D\Tesis Built-In\Library\ScriptAssemblies\Unity.Postprocessing.Runtime.dll
Symbol file LoadedFromMemory is not a mono symbol file
Symbol file data-000002139ACC6C80 doesn't match image C:\Users\Alejandro\Desktop\Tesis3d\Tesis-3D\Tesis Built-In\Library\ScriptAssemblies\Unity.TerrainTools.Editor.dll
Symbol file LoadedFromMemory is not a mono symbol file
Symbol file data-00000213A7188430 doesn't match image C:\Users\Alejandro\Desktop\Tesis3d\Tesis-3D\Tesis Built-In\Library\ScriptAssemblies\Unity.Timeline.Editor.dll
Symbol file LoadedFromMemory is not a mono symbol file
Symbol file data-00000213A12D6980 doesn't match image C:\Users\Alejandro\Desktop\Tesis3d\Tesis-3D\Tesis Built-In\Library\ScriptAssemblies\Unity.CollabProxy.Editor.dll
Symbol file LoadedFromMemory is not a mono symbol file
Symbol file data-00000211A079B8A0 doesn't match image C:\Users\Alejandro\Desktop\Tesis3d\Tesis-3D\Tesis Built-In\Library\ScriptAssemblies\Unity.Mathematics.Editor.dll
Symbol file LoadedFromMemory is not a mono symbol file
Symbol file data-00000213A35357B0 doesn't match image C:\Users\Alejandro\Desktop\Tesis3d\Tesis-3D\Tesis Built-In\Library\ScriptAssemblies\sc.fae.runtime.dll
Symbol file LoadedFromMemory is not a mono symbol file
Symbol file data-00000213A761C010 doesn't match image C:\Users\Alejandro\Desktop\Tesis3d\Tesis-3D\Tesis Built-In\Library\ScriptAssemblies\Unity.Animation.Rigging.Editor.dll
Symbol file LoadedFromMemory is not a mono symbol file
Native extension for LinuxStandalone target not found
Native extension for WindowsStandalone target not found
Native extension for OSXStandalone target not found
Native extension for WebGL target not found
Refreshing native plugins compatible for Editor in 1.08 ms, found 2 plugins.
Preloading 0 native plugins for Editor in 0.00 ms.
Mono: successfully reloaded assembly
- Completed reload, in  2.675 seconds
Domain Reload Profiling:
	ReloadAssembly (2675ms)
		BeginReloadAssembly (211ms)
			ExecutionOrderSort (0ms)
			DisableScriptedObjects (8ms)
			BackupInstance (0ms)
			ReleaseScriptingObjects (0ms)
			CreateAndSetChildDomain (69ms)
		EndReloadAssembly (2351ms)
			LoadAssemblies (177ms)
			RebuildTransferFunctionScriptingTraits (0ms)
			SetupTypeCache (600ms)
			ReleaseScriptCaches (2ms)
			RebuildScriptCaches (134ms)
			SetupLoadedEditorAssemblies (1282ms)
				LogAssemblyErrors (0ms)
				InitializePlatformSupportModulesInManaged (12ms)
				SetLoadedEditorAssemblies (1ms)
				RefreshPlugins (1ms)
				BeforeProcessingInitializeOnLoad (160ms)
				ProcessInitializeOnLoadAttributes (1086ms)
				ProcessInitializeOnLoadMethodAttributes (14ms)
				AfterProcessingInitializeOnLoad (8ms)
				EditorAssembliesLoaded (0ms)
			ExecutionOrderSort2 (0ms)
			AwakeInstancesAfterBackupRestoration (11ms)
Platform modules already initialized, skipping
Refreshing native plugins compatible for Editor in 2.11 ms, found 2 plugins.
Preloading 0 native plugins for Editor in 0.00 ms.
Unloading 2823 Unused Serialized files (Serialized files now loaded: 0)
System memory in use before: 280.8 MB.
System memory in use after: 280.4 MB.

Unloading 20 unused Assets to reduce memory usage. Loaded Objects now: 3613.
Total: 6.455500 ms (FindLiveObjects: 0.631600 ms CreateObjectMapping: 0.473400 ms MarkObjects: 4.871500 ms  DeleteObjects: 0.477000 ms)

AssetImportParameters requested are different than current active one (requested -> active):
  custom:framework-win-MediaFoundation: 216162199b28c13a410421893ffa2e32 -> 
  custom:video-decoder-ogg-theora: a1e56fd34408186e4bbccfd4996cb3dc -> 
  custom:container-muxer-webm: aa71ff27fc2769a1b78a27578f13a17b -> 
  custom:container-demuxer-webm: 4f35f7cbe854078d1ac9338744f61a02 -> 
  custom:container-demuxer-ogg: 62fdf1f143b41e24485cea50d1cbac27 -> 
  custom:video-encoder-webm-vp8: eb34c28f22e8b96e1ab97ce403110664 -> 
  custom:video-decoder-webm-vp8: 9c59270c3fd7afecdb556c50c9e8de78 -> 
  custom:audio-decoder-ogg-vorbis: bf7c407c2cedff20999df2af8eb42d56 -> 
  custom:audio-encoder-webm-vorbis: bf7c407c2cedff20999df2af8eb42d56 -> 
AssetImportWorkerClient::OnTransportError - code=2 error=End of file
